#
# There is insufficient memory for the Java Runtime Environment to continue.
# Native memory allocation (malloc) failed to allocate 1501776 bytes. Error detail: Chunk::new
# Possible reasons:
#   The system is out of physical RAM or swap space
#   This process is running with CompressedOops enabled, and the Java Heap may be blocking the growth of the native heap
# Possible solutions:
#   Reduce memory load on the system
#   Increase physical memory or swap space
#   Check if swap backing store is full
#   Decrease Java heap size (-Xmx/-Xms)
#   Decrease number of Java threads
#   Decrease Java thread stack sizes (-Xss)
#   Set larger code cache with -XX:ReservedCodeCacheSize=
#   JVM is running with Unscaled Compressed Oops mode in which the Java heap is
#     placed in the first 4GB address space. The Java Heap base address is the
#     maximum limit for the native heap growth. Please use -XX:HeapBaseMinAddress
#     to set the Java Heap base and to place the Java Heap above 4GB virtual address.
# This output file may be truncated or incomplete.
#
#  Out of Memory Error (arena.cpp:168), pid=16352, tid=18832
#
# JRE version: OpenJDK Runtime Environment Temurin-21.0.10+7 (21.0.10+7) (build 21.0.10+7-LTS)
# Java VM: OpenJDK 64-Bit Server VM Temurin-21.0.10+7 (21.0.10+7-LTS, mixed mode, sharing, tiered, compressed oops, compressed class ptrs, g1 gc, windows-amd64)
# No core dump will be written. Minidumps are not enabled by default on client versions of Windows
#

---------------  S U M M A R Y ------------

Command Line: --add-opens=java.base/java.lang=ALL-UNNAMED --add-opens=java.base/java.lang.invoke=ALL-UNNAMED --add-opens=java.base/java.util=ALL-UNNAMED --add-opens=java.prefs/java.util.prefs=ALL-UNNAMED --add-exports=jdk.compiler/com.sun.tools.javac.api=ALL-UNNAMED --add-exports=jdk.compiler/com.sun.tools.javac.util=ALL-UNNAMED --add-opens=java.base/java.util=ALL-UNNAMED --add-opens=java.prefs/java.util.prefs=ALL-UNNAMED --add-opens=java.base/java.nio.charset=ALL-UNNAMED --add-opens=java.base/java.net=ALL-UNNAMED --add-opens=java.base/java.util.concurrent=ALL-UNNAMED --add-opens=java.base/java.util.concurrent.atomic=ALL-UNNAMED --add-opens=java.xml/javax.xml.namespace=ALL-UNNAMED --add-opens=java.base/java.time=ALL-UNNAMED -Xmx2048m -Dfile.encoding=UTF-8 -Duser.country=US -Duser.language=en -Duser.variant -javaagent:C:\Users\Shehroz Khan\.gradle\wrapper\dists\gradle-9.2.1-bin\2t0n5ozlw9xmuyvbp7dnzaxug\gradle-9.2.1\lib\agents\gradle-instrumentation-agent-9.2.1.jar org.gradle.launcher.daemon.bootstrap.GradleDaemon 9.2.1

Host: Intel(R) Core(TM) i5-8350U CPU @ 1.70GHz, 8 cores, 7G,  Windows 11 , 64 bit Build 26100 (10.0.26100.7920)
Time: Thu Mar 26 02:04:22 2026 Pakistan Standard Time elapsed time: 22.564668 seconds (0d 0h 0m 22s)

---------------  T H R E A D  ---------------

Current thread (0x0000018f94bb53e0):  JavaThread "C2 CompilerThread0" daemon [_thread_in_native, id=18832, stack(0x0000004c86200000,0x0000004c86300000) (1024K)]


Current CompileTask:
C2:22564 9846 %     4       org.gradle.internal.instantiation.generator.AbstractClassGenerator::inspectType @ 107 (602 bytes)

Stack: [0x0000004c86200000,0x0000004c86300000]
Native frames: (J=compiled Java code, j=interpreted, Vv=VM code, C=native code)
V  [jvm.dll+0x6d7a39]
V  [jvm.dll+0x8b4b26]
V  [jvm.dll+0x8b70de]
V  [jvm.dll+0x8b77c3]
V  [jvm.dll+0x284346]
V  [jvm.dll+0xc66ed]
V  [jvm.dll+0xc6c31]
V  [jvm.dll+0x3bec01]
V  [jvm.dll+0x38b162]
V  [jvm.dll+0x38a5aa]
V  [jvm.dll+0x24c560]
V  [jvm.dll+0x24bb40]
V  [jvm.dll+0x1cb34e]
V  [jvm.dll+0x25b85d]
V  [jvm.dll+0x259dea]
V  [jvm.dll+0x3f857e]
V  [jvm.dll+0x85f59d]
V  [jvm.dll+0x6d626d]
C  [ucrtbase.dll+0x37b0]
C  [KERNEL32.DLL+0x2e8d7]
C  [ntdll.dll+0x8c48c]


---------------  P R O C E S S  ---------------

Threads class SMR info:
_java_thread_list=0x0000018fda9def80, length=59, elements={
0x0000018ffd38a240, 0x0000018f94ba1b50, 0x0000018f94ba3120, 0x0000018f94ba9040,
0x0000018f94baa9c0, 0x0000018f94babbc0, 0x0000018f94bada60, 0x0000018f94bb53e0,
0x0000018f94bba4b0, 0x0000018f94e40330, 0x0000018f94e26f70, 0x0000018fdb632ad0,
0x0000018fdb3a6430, 0x0000018fdbb20030, 0x0000018fdb77ef80, 0x0000018fdb77f5f0,
0x0000018fdb75e6a0, 0x0000018fdbb83650, 0x0000018fdbb82930, 0x0000018fdbb82fc0,
0x0000018fdbb822a0, 0x0000018fdbb85720, 0x0000018fdbb84a00, 0x0000018fdbb85090,
0x0000018fde5368b0, 0x0000018fde535b90, 0x0000018fde5347e0, 0x0000018fde536f40,
0x0000018fde536220, 0x0000018fde533ac0, 0x0000018fde5375d0, 0x0000018fde537c60,
0x0000018fde538980, 0x0000018fde535500, 0x0000018fde539010, 0x0000018fde53b0e0,
0x0000018fde53a3c0, 0x0000018fde539d30, 0x0000018f94f995d0, 0x0000018f94f988b0,
0x0000018f94f96e70, 0x0000018f94f97b90, 0x0000018f94f97500, 0x0000018f94f98f40,
0x0000018f94f98220, 0x0000018f94f96150, 0x0000018f94f967e0, 0x0000018f94f9d0e0,
0x0000018f94f99c60, 0x0000018f94f9a980, 0x0000018f94f9a2f0, 0x0000018f94f9b010,
0x0000018f94f9b6a0, 0x0000018f94f9d770, 0x0000018f94f9bd30, 0x0000018f94f9c3c0,
0x0000018fdc2409b0, 0x0000018fdc2423f0, 0x0000018fdeea5a90
}

Java Threads: ( => current thread )
  0x0000018ffd38a240 JavaThread "main"                              [_thread_blocked, id=6812, stack(0x0000004c85400000,0x0000004c85500000) (1024K)]
  0x0000018f94ba1b50 JavaThread "Reference Handler"          daemon [_thread_blocked, id=11596, stack(0x0000004c85c00000,0x0000004c85d00000) (1024K)]
  0x0000018f94ba3120 JavaThread "Finalizer"                  daemon [_thread_blocked, id=15960, stack(0x0000004c85d00000,0x0000004c85e00000) (1024K)]
  0x0000018f94ba9040 JavaThread "Signal Dispatcher"          daemon [_thread_blocked, id=5484, stack(0x0000004c85e00000,0x0000004c85f00000) (1024K)]
  0x0000018f94baa9c0 JavaThread "Attach Listener"            daemon [_thread_blocked, id=14780, stack(0x0000004c85f00000,0x0000004c86000000) (1024K)]
  0x0000018f94babbc0 JavaThread "Service Thread"             daemon [_thread_blocked, id=5964, stack(0x0000004c86000000,0x0000004c86100000) (1024K)]
  0x0000018f94bada60 JavaThread "Monitor Deflation Thread"   daemon [_thread_blocked, id=2384, stack(0x0000004c86100000,0x0000004c86200000) (1024K)]
=>0x0000018f94bb53e0 JavaThread "C2 CompilerThread0"         daemon [_thread_in_native, id=18832, stack(0x0000004c86200000,0x0000004c86300000) (1024K)]
  0x0000018f94bba4b0 JavaThread "C1 CompilerThread0"         daemon [_thread_blocked, id=2120, stack(0x0000004c86300000,0x0000004c86400000) (1024K)]
  0x0000018f94e40330 JavaThread "Common-Cleaner"             daemon [_thread_blocked, id=7712, stack(0x0000004c86400000,0x0000004c86500000) (1024K)]
  0x0000018f94e26f70 JavaThread "Notification Thread"        daemon [_thread_blocked, id=17448, stack(0x0000004c86500000,0x0000004c86600000) (1024K)]
  0x0000018fdb632ad0 JavaThread "Daemon health stats"               [_thread_blocked, id=12992, stack(0x0000004c86b00000,0x0000004c86c00000) (1024K)]
  0x0000018fdb3a6430 JavaThread "Incoming local TCP Connector on port 57570"        [_thread_in_native, id=1836, stack(0x0000004c86c00000,0x0000004c86d00000) (1024K)]
  0x0000018fdbb20030 JavaThread "Daemon periodic checks"            [_thread_blocked, id=11936, stack(0x0000004c87000000,0x0000004c87100000) (1024K)]
  0x0000018fdb77ef80 JavaThread "Daemon"                            [_thread_blocked, id=6608, stack(0x0000004c87100000,0x0000004c87200000) (1024K)]
  0x0000018fdb77f5f0 JavaThread "Handler for socket connection from /127.0.0.1:57570 to /127.0.0.1:57571"        [_thread_in_native, id=13108, stack(0x0000004c87200000,0x0000004c87300000) (1024K)]
  0x0000018fdb75e6a0 JavaThread "Cancel handler"                    [_thread_blocked, id=13104, stack(0x0000004c87300000,0x0000004c87400000) (1024K)]
  0x0000018fdbb83650 JavaThread "Daemon worker"                     [_thread_in_vm, id=14496, stack(0x0000004c87400000,0x0000004c87500000) (1024K)]
  0x0000018fdbb82930 JavaThread "Asynchronous log dispatcher for DefaultDaemonConnection: socket connection from /127.0.0.1:57570 to /127.0.0.1:57571"        [_thread_blocked, id=19404, stack(0x0000004c87500000,0x0000004c87600000) (1024K)]
  0x0000018fdbb82fc0 JavaThread "Stdin handler"                     [_thread_blocked, id=5248, stack(0x0000004c87600000,0x0000004c87700000) (1024K)]
  0x0000018fdbb822a0 JavaThread "Daemon client event forwarder"        [_thread_blocked, id=16804, stack(0x0000004c87700000,0x0000004c87800000) (1024K)]
  0x0000018fdbb85720 JavaThread "Cache worker for journal cache (C:\Users\Shehroz Khan\.gradle\caches\journal-1)"        [_thread_blocked, id=18352, stack(0x0000004c87800000,0x0000004c87900000) (1024K)]
  0x0000018fdbb84a00 JavaThread "File lock request listener"        [_thread_in_native, id=18528, stack(0x0000004c87900000,0x0000004c87a00000) (1024K)]
  0x0000018fdbb85090 JavaThread "Cache worker for file hash cache (C:\Users\Shehroz Khan\.gradle\caches\9.2.1\fileHashes)"        [_thread_blocked, id=7728, stack(0x0000004c87a00000,0x0000004c87b00000) (1024K)]
  0x0000018fde5368b0 JavaThread "Cache worker for file hash cache (C:\Users\Shehroz Khan\AndroidStudioProjects\WANTUCH\.gradle\9.2.1\fileHashes)"        [_thread_blocked, id=3284, stack(0x0000004c87c00000,0x0000004c87d00000) (1024K)]
  0x0000018fde535b90 JavaThread "Cache worker for Build Output Cleanup Cache (C:\Users\Shehroz Khan\AndroidStudioProjects\WANTUCH\.gradle\buildOutputCleanup)"        [_thread_blocked, id=14376, stack(0x0000004c87d00000,0x0000004c87e00000) (1024K)]
  0x0000018fde5347e0 JavaThread "File watcher server"        daemon [_thread_in_native, id=13204, stack(0x0000004c87e00000,0x0000004c87f00000) (1024K)]
  0x0000018fde536f40 JavaThread "File watcher consumer"      daemon [_thread_blocked, id=636, stack(0x0000004c87f00000,0x0000004c88000000) (1024K)]
  0x0000018fde536220 JavaThread "Cache worker for checksums cache (C:\Users\Shehroz Khan\AndroidStudioProjects\WANTUCH\.gradle\9.2.1\checksums)"        [_thread_blocked, id=3980, stack(0x0000004c86600000,0x0000004c86700000) (1024K)]
  0x0000018fde533ac0 JavaThread "Cache worker for file content cache (C:\Users\Shehroz Khan\.gradle\caches\9.2.1\fileContent)"        [_thread_blocked, id=964, stack(0x0000004c88000000,0x0000004c88100000) (1024K)]
  0x0000018fde5375d0 JavaThread "Cache worker for cache directory md-supplier (C:\Users\Shehroz Khan\.gradle\caches\9.2.1\md-supplier)"        [_thread_blocked, id=7452, stack(0x0000004c88200000,0x0000004c88300000) (1024K)]
  0x0000018fde537c60 JavaThread "Cache worker for cache directory md-rule (C:\Users\Shehroz Khan\.gradle\caches\9.2.1\md-rule)"        [_thread_blocked, id=2416, stack(0x0000004c88300000,0x0000004c88400000) (1024K)]
  0x0000018fde538980 JavaThread "Unconstrained build operations"        [_thread_blocked, id=18184, stack(0x0000004c88500000,0x0000004c88600000) (1024K)]
  0x0000018fde535500 JavaThread "Unconstrained build operations Thread 2"        [_thread_blocked, id=18772, stack(0x0000004c88600000,0x0000004c88700000) (1024K)]
  0x0000018fde539010 JavaThread "Unconstrained build operations Thread 3"        [_thread_blocked, id=8348, stack(0x0000004c88700000,0x0000004c88800000) (1024K)]
  0x0000018fde53b0e0 JavaThread "Unconstrained build operations Thread 4"        [_thread_blocked, id=14596, stack(0x0000004c88400000,0x0000004c88500000) (1024K)]
  0x0000018fde53a3c0 JavaThread "Unconstrained build operations Thread 5"        [_thread_blocked, id=6820, stack(0x0000004c88800000,0x0000004c88900000) (1024K)]
  0x0000018fde539d30 JavaThread "Unconstrained build operations Thread 6"        [_thread_blocked, id=16768, stack(0x0000004c88900000,0x0000004c88a00000) (1024K)]
  0x0000018f94f995d0 JavaThread "Unconstrained build operations Thread 7"        [_thread_blocked, id=17612, stack(0x0000004c88a00000,0x0000004c88b00000) (1024K)]
  0x0000018f94f988b0 JavaThread "Unconstrained build operations Thread 8"        [_thread_blocked, id=19452, stack(0x0000004c88b00000,0x0000004c88c00000) (1024K)]
  0x0000018f94f96e70 JavaThread "Unconstrained build operations Thread 9"        [_thread_blocked, id=16392, stack(0x0000004c88c00000,0x0000004c88d00000) (1024K)]
  0x0000018f94f97b90 JavaThread "Unconstrained build operations Thread 10"        [_thread_blocked, id=1840, stack(0x0000004c88d00000,0x0000004c88e00000) (1024K)]
  0x0000018f94f97500 JavaThread "Unconstrained build operations Thread 11"        [_thread_blocked, id=4176, stack(0x0000004c88e00000,0x0000004c88f00000) (1024K)]
  0x0000018f94f98f40 JavaThread "Unconstrained build operations Thread 12"        [_thread_blocked, id=10468, stack(0x0000004c88f00000,0x0000004c89000000) (1024K)]
  0x0000018f94f98220 JavaThread "Unconstrained build operations Thread 13"        [_thread_blocked, id=17668, stack(0x0000004c89000000,0x0000004c89100000) (1024K)]
  0x0000018f94f96150 JavaThread "Unconstrained build operations Thread 14"        [_thread_blocked, id=4400, stack(0x0000004c89100000,0x0000004c89200000) (1024K)]
  0x0000018f94f967e0 JavaThread "Unconstrained build operations Thread 15"        [_thread_blocked, id=19088, stack(0x0000004c89200000,0x0000004c89300000) (1024K)]
  0x0000018f94f9d0e0 JavaThread "Unconstrained build operations Thread 16"        [_thread_blocked, id=10012, stack(0x0000004c89300000,0x0000004c89400000) (1024K)]
  0x0000018f94f99c60 JavaThread "Unconstrained build operations Thread 17"        [_thread_blocked, id=4596, stack(0x0000004c89400000,0x0000004c89500000) (1024K)]
  0x0000018f94f9a980 JavaThread "Unconstrained build operations Thread 18"        [_thread_blocked, id=15708, stack(0x0000004c89500000,0x0000004c89600000) (1024K)]
  0x0000018f94f9a2f0 JavaThread "Unconstrained build operations Thread 19"        [_thread_blocked, id=12164, stack(0x0000004c89600000,0x0000004c89700000) (1024K)]
  0x0000018f94f9b010 JavaThread "Unconstrained build operations Thread 20"        [_thread_blocked, id=17088, stack(0x0000004c89700000,0x0000004c89800000) (1024K)]
  0x0000018f94f9b6a0 JavaThread "Unconstrained build operations Thread 21"        [_thread_blocked, id=18444, stack(0x0000004c89800000,0x0000004c89900000) (1024K)]
  0x0000018f94f9d770 JavaThread "Unconstrained build operations Thread 22"        [_thread_blocked, id=6732, stack(0x0000004c89900000,0x0000004c89a00000) (1024K)]
  0x0000018f94f9bd30 JavaThread "Unconstrained build operations Thread 23"        [_thread_blocked, id=10008, stack(0x0000004c89a00000,0x0000004c89b00000) (1024K)]
  0x0000018f94f9c3c0 JavaThread "Unconstrained build operations Thread 24"        [_thread_blocked, id=8048, stack(0x0000004c89b00000,0x0000004c89c00000) (1024K)]
  0x0000018fdc2409b0 JavaThread "Memory manager"                    [_thread_blocked, id=17780, stack(0x0000004c89c00000,0x0000004c89d00000) (1024K)]
  0x0000018fdc2423f0 JavaThread "build event listener"              [_thread_blocked, id=16024, stack(0x0000004c89d00000,0x0000004c89e00000) (1024K)]
  0x0000018fdeea5a90 JavaThread "File lock release action executor"        [_thread_blocked, id=10584, stack(0x0000004c89e00000,0x0000004c89f00000) (1024K)]
Total: 59

Other Threads:
  0x0000018f94b83890 VMThread "VM Thread"                           [id=8464, stack(0x0000004c85b00000,0x0000004c85c00000) (1024K)]
  0x0000018f94b6e890 WatcherThread "VM Periodic Task Thread"        [id=14876, stack(0x0000004c85a00000,0x0000004c85b00000) (1024K)]
  0x0000018ffd3e69e0 WorkerThread "GC Thread#0"                     [id=8368, stack(0x0000004c85500000,0x0000004c85600000) (1024K)]
  0x0000018f94fde550 WorkerThread "GC Thread#1"                     [id=6652, stack(0x0000004c86800000,0x0000004c86900000) (1024K)]
  0x0000018f94fde900 WorkerThread "GC Thread#2"                     [id=18036, stack(0x0000004c86900000,0x0000004c86a00000) (1024K)]
  0x0000018fdab2bb00 WorkerThread "GC Thread#3"                     [id=11040, stack(0x0000004c86700000,0x0000004c86800000) (1024K)]
  0x0000018fdabd1aa0 WorkerThread "GC Thread#4"                     [id=12080, stack(0x0000004c86a00000,0x0000004c86b00000) (1024K)]
  0x0000018fdbb8fcd0 WorkerThread "GC Thread#5"                     [id=4220, stack(0x0000004c86d00000,0x0000004c86e00000) (1024K)]
  0x0000018fdbb20f70 WorkerThread "GC Thread#6"                     [id=18888, stack(0x0000004c86e00000,0x0000004c86f00000) (1024K)]
  0x0000018fdb78c250 WorkerThread "GC Thread#7"                     [id=9852, stack(0x0000004c86f00000,0x0000004c87000000) (1024K)]
  0x0000018ffd3f8660 ConcurrentGCThread "G1 Main Marker"            [id=4984, stack(0x0000004c85600000,0x0000004c85700000) (1024K)]
  0x0000018ffd3f9720 WorkerThread "G1 Conc#0"                       [id=2740, stack(0x0000004c85700000,0x0000004c85800000) (1024K)]
  0x0000018fdb78d870 WorkerThread "G1 Conc#1"                       [id=2728, stack(0x0000004c87b00000,0x0000004c87c00000) (1024K)]
  0x0000018f94a3fcd0 ConcurrentGCThread "G1 Refine#0"               [id=780, stack(0x0000004c85800000,0x0000004c85900000) (1024K)]
  0x0000018f94a41510 ConcurrentGCThread "G1 Service"                [id=18068, stack(0x0000004c85900000,0x0000004c85a00000) (1024K)]
Total: 15

Threads with active compile tasks:
C2 CompilerThread0  22628 9846 %     4       org.gradle.internal.instantiation.generator.AbstractClassGenerator::inspectType @ 107 (602 bytes)
Total: 1

VM state: not at safepoint (normal execution)

VM Mutex/Monitor currently owned by a thread: None

Heap address: 0x0000000080000000, size: 2048 MB, Compressed Oops mode: 32-bit

CDS archive(s) mapped at: [0x0000018f95000000-0x0000018f95ba0000-0x0000018f95ba0000), size 12189696, SharedBaseAddress: 0x0000018f95000000, ArchiveRelocationMode: 1.
Compressed class space mapped at: 0x0000018f96000000-0x0000018fd6000000, reserved size: 1073741824
Narrow klass base: 0x0000018f95000000, Narrow klass shift: 0, Narrow klass range: 0x100000000

GC Precious Log:
 CardTable entry size: 512
 Card Set container configuration: InlinePtr #cards 5 size 8 Array Of Cards #cards 12 size 40 Howl #buckets 4 coarsen threshold 1843 Howl Bitmap #cards 512 size 80 coarsen threshold 460 Card regions per heap region 1 cards per card region 2048
 CPUs: 8 total, 8 available
 Memory: 8050M
 Large Page Support: Disabled
 NUMA Support: Disabled
 Compressed Oops: Enabled (32-bit)
 Heap Region Size: 1M
 Heap Min Capacity: 8M
 Heap Initial Capacity: 126M
 Heap Max Capacity: 2G
 Pre-touch: Disabled
 Parallel Workers: 8
 Concurrent Workers: 2
 Concurrent Refinement Workers: 8
 Periodic GC: Disabled

Heap:
 garbage-first heap   total 137216K, used 105872K [0x0000000080000000, 0x0000000100000000)
  region size 1024K, 27 young (27648K), 2 survivors (2048K)
 Metaspace       used 75988K, committed 78144K, reserved 1179648K
  class space    used 10795K, committed 11840K, reserved 1048576K

Heap Regions: E=young(eden), S=young(survivor), O=old, HS=humongous(starts), HC=humongous(continues), CS=collection set, F=free, TAMS=top-at-mark-start, PB=parsable bottom
|   0|0x0000000080000000, 0x0000000080100000, 0x0000000080100000|100%|HS|  |TAMS 0x0000000080000000| PB 0x0000000080000000| Complete 
|   1|0x0000000080100000, 0x0000000080200000, 0x0000000080200000|100%|HC|  |TAMS 0x0000000080100000| PB 0x0000000080100000| Complete 
|   2|0x0000000080200000, 0x0000000080300000, 0x0000000080300000|100%|HC|  |TAMS 0x0000000080200000| PB 0x0000000080200000| Complete 
|   3|0x0000000080300000, 0x0000000080400000, 0x0000000080400000|100%|HC|  |TAMS 0x0000000080300000| PB 0x0000000080300000| Complete 
|   4|0x0000000080400000, 0x0000000080500000, 0x0000000080500000|100%| O|  |TAMS 0x0000000080400000| PB 0x0000000080400000| Untracked 
|   5|0x0000000080500000, 0x0000000080600000, 0x0000000080600000|100%| O|  |TAMS 0x0000000080500000| PB 0x0000000080500000| Untracked 
|   6|0x0000000080600000, 0x0000000080700000, 0x0000000080700000|100%| O|  |TAMS 0x0000000080600000| PB 0x0000000080600000| Untracked 
|   7|0x0000000080700000, 0x0000000080800000, 0x0000000080800000|100%|HS|  |TAMS 0x0000000080700000| PB 0x0000000080700000| Complete 
|   8|0x0000000080800000, 0x0000000080900000, 0x0000000080900000|100%| O|  |TAMS 0x0000000080800000| PB 0x0000000080800000| Untracked 
|   9|0x0000000080900000, 0x0000000080a00000, 0x0000000080a00000|100%| O|  |TAMS 0x0000000080900000| PB 0x0000000080900000| Untracked 
|  10|0x0000000080a00000, 0x0000000080b00000, 0x0000000080b00000|100%| O|  |TAMS 0x0000000080a00000| PB 0x0000000080a00000| Untracked 
|  11|0x0000000080b00000, 0x0000000080c00000, 0x0000000080c00000|100%| O|  |TAMS 0x0000000080b00000| PB 0x0000000080b00000| Untracked 
|  12|0x0000000080c00000, 0x0000000080d00000, 0x0000000080d00000|100%| O|  |TAMS 0x0000000080c00000| PB 0x0000000080c00000| Untracked 
|  13|0x0000000080d00000, 0x0000000080e00000, 0x0000000080e00000|100%| O|  |TAMS 0x0000000080d00000| PB 0x0000000080d00000| Untracked 
|  14|0x0000000080e00000, 0x0000000080f00000, 0x0000000080f00000|100%| O|  |TAMS 0x0000000080e00000| PB 0x0000000080e00000| Untracked 
|  15|0x0000000080f00000, 0x0000000081000000, 0x0000000081000000|100%| O|  |TAMS 0x0000000080f00000| PB 0x0000000080f00000| Untracked 
|  16|0x0000000081000000, 0x0000000081100000, 0x0000000081100000|100%| O|  |TAMS 0x0000000081000000| PB 0x0000000081000000| Untracked 
|  17|0x0000000081100000, 0x0000000081200000, 0x0000000081200000|100%| O|  |TAMS 0x0000000081100000| PB 0x0000000081100000| Untracked 
|  18|0x0000000081200000, 0x0000000081300000, 0x0000000081300000|100%| O|  |TAMS 0x0000000081200000| PB 0x0000000081200000| Untracked 
|  19|0x0000000081300000, 0x0000000081400000, 0x0000000081400000|100%| O|  |TAMS 0x0000000081300000| PB 0x0000000081300000| Untracked 
|  20|0x0000000081400000, 0x0000000081500000, 0x0000000081500000|100%| O|  |TAMS 0x0000000081400000| PB 0x0000000081400000| Untracked 
|  21|0x0000000081500000, 0x0000000081600000, 0x0000000081600000|100%| O|  |TAMS 0x0000000081500000| PB 0x0000000081500000| Untracked 
|  22|0x0000000081600000, 0x0000000081700000, 0x0000000081700000|100%| O|  |TAMS 0x0000000081600000| PB 0x0000000081600000| Untracked 
|  23|0x0000000081700000, 0x0000000081800000, 0x0000000081800000|100%| O|  |TAMS 0x0000000081700000| PB 0x0000000081700000| Untracked 
|  24|0x0000000081800000, 0x0000000081900000, 0x0000000081900000|100%| O|  |TAMS 0x0000000081800000| PB 0x0000000081800000| Untracked 
|  25|0x0000000081900000, 0x0000000081a00000, 0x0000000081a00000|100%| O|  |TAMS 0x0000000081900000| PB 0x0000000081900000| Untracked 
|  26|0x0000000081a00000, 0x0000000081b00000, 0x0000000081b00000|100%| O|  |TAMS 0x0000000081a00000| PB 0x0000000081a00000| Untracked 
|  27|0x0000000081b00000, 0x0000000081c00000, 0x0000000081c00000|100%| O|  |TAMS 0x0000000081b00000| PB 0x0000000081b00000| Untracked 
|  28|0x0000000081c00000, 0x0000000081d00000, 0x0000000081d00000|100%| O|  |TAMS 0x0000000081c00000| PB 0x0000000081c00000| Untracked 
|  29|0x0000000081d00000, 0x0000000081e00000, 0x0000000081e00000|100%| O|  |TAMS 0x0000000081d00000| PB 0x0000000081d00000| Untracked 
|  30|0x0000000081e00000, 0x0000000081f00000, 0x0000000081f00000|100%| O|  |TAMS 0x0000000081e00000| PB 0x0000000081e00000| Untracked 
|  31|0x0000000081f00000, 0x0000000082000000, 0x0000000082000000|100%|HS|  |TAMS 0x0000000081f00000| PB 0x0000000081f00000| Complete 
|  32|0x0000000082000000, 0x0000000082100000, 0x0000000082100000|100%| O|  |TAMS 0x0000000082000000| PB 0x0000000082000000| Untracked 
|  33|0x0000000082100000, 0x0000000082200000, 0x0000000082200000|100%| O|  |TAMS 0x0000000082100000| PB 0x0000000082100000| Untracked 
|  34|0x0000000082200000, 0x0000000082300000, 0x0000000082300000|100%| O|  |TAMS 0x0000000082200000| PB 0x0000000082200000| Untracked 
|  35|0x0000000082300000, 0x0000000082400000, 0x0000000082400000|100%| O|  |TAMS 0x0000000082300000| PB 0x0000000082300000| Untracked 
|  36|0x0000000082400000, 0x0000000082500000, 0x0000000082500000|100%| O|  |TAMS 0x0000000082400000| PB 0x0000000082400000| Untracked 
|  37|0x0000000082500000, 0x0000000082600000, 0x0000000082600000|100%| O|  |TAMS 0x0000000082500000| PB 0x0000000082500000| Untracked 
|  38|0x0000000082600000, 0x0000000082700000, 0x0000000082700000|100%| O|  |TAMS 0x0000000082600000| PB 0x0000000082600000| Untracked 
|  39|0x0000000082700000, 0x0000000082800000, 0x0000000082800000|100%| O|  |TAMS 0x0000000082700000| PB 0x0000000082700000| Untracked 
|  40|0x0000000082800000, 0x0000000082900000, 0x0000000082900000|100%| O|  |TAMS 0x0000000082800000| PB 0x0000000082800000| Untracked 
|  41|0x0000000082900000, 0x0000000082a00000, 0x0000000082a00000|100%| O|  |TAMS 0x0000000082900000| PB 0x0000000082900000| Untracked 
|  42|0x0000000082a00000, 0x0000000082b00000, 0x0000000082b00000|100%| O|  |TAMS 0x0000000082a00000| PB 0x0000000082a00000| Untracked 
|  43|0x0000000082b00000, 0x0000000082c00000, 0x0000000082c00000|100%| O|  |TAMS 0x0000000082b00000| PB 0x0000000082b00000| Untracked 
|  44|0x0000000082c00000, 0x0000000082d00000, 0x0000000082d00000|100%| O|  |TAMS 0x0000000082c00000| PB 0x0000000082c00000| Untracked 
|  45|0x0000000082d00000, 0x0000000082e00000, 0x0000000082e00000|100%| O|  |TAMS 0x0000000082d00000| PB 0x0000000082d00000| Untracked 
|  46|0x0000000082e00000, 0x0000000082f00000, 0x0000000082f00000|100%|HS|  |TAMS 0x0000000082e00000| PB 0x0000000082e00000| Complete 
|  47|0x0000000082f00000, 0x0000000083000000, 0x0000000083000000|100%|HS|  |TAMS 0x0000000082f00000| PB 0x0000000082f00000| Complete 
|  48|0x0000000083000000, 0x0000000083100000, 0x0000000083100000|100%|HC|  |TAMS 0x0000000083000000| PB 0x0000000083000000| Complete 
|  49|0x0000000083100000, 0x0000000083200000, 0x0000000083200000|100%|HS|  |TAMS 0x0000000083100000| PB 0x0000000083100000| Complete 
|  50|0x0000000083200000, 0x0000000083300000, 0x0000000083300000|100%|HS|  |TAMS 0x0000000083200000| PB 0x0000000083200000| Complete 
|  51|0x0000000083300000, 0x0000000083400000, 0x0000000083400000|100%|HS|  |TAMS 0x0000000083300000| PB 0x0000000083300000| Complete 
|  52|0x0000000083400000, 0x0000000083500000, 0x0000000083500000|100%| O|  |TAMS 0x0000000083400000| PB 0x0000000083400000| Untracked 
|  53|0x0000000083500000, 0x0000000083600000, 0x0000000083600000|100%| O|  |TAMS 0x0000000083500000| PB 0x0000000083500000| Untracked 
|  54|0x0000000083600000, 0x0000000083700000, 0x0000000083700000|100%| O|  |TAMS 0x0000000083600000| PB 0x0000000083600000| Untracked 
|  55|0x0000000083700000, 0x0000000083800000, 0x0000000083800000|100%| O|Cm|TAMS 0x0000000083700000| PB 0x0000000083700000| Complete 
|  56|0x0000000083800000, 0x0000000083900000, 0x0000000083900000|100%|HS|  |TAMS 0x0000000083800000| PB 0x0000000083800000| Complete 
|  57|0x0000000083900000, 0x0000000083a00000, 0x0000000083a00000|100%| O|  |TAMS 0x0000000083900000| PB 0x0000000083900000| Untracked 
|  58|0x0000000083a00000, 0x0000000083b00000, 0x0000000083b00000|100%| O|  |TAMS 0x0000000083a00000| PB 0x0000000083a00000| Untracked 
|  59|0x0000000083b00000, 0x0000000083c00000, 0x0000000083c00000|100%|HS|  |TAMS 0x0000000083b00000| PB 0x0000000083b00000| Complete 
|  60|0x0000000083c00000, 0x0000000083d00000, 0x0000000083d00000|100%|HC|  |TAMS 0x0000000083c00000| PB 0x0000000083c00000| Complete 
|  61|0x0000000083d00000, 0x0000000083e00000, 0x0000000083e00000|100%| O|  |TAMS 0x0000000083d00000| PB 0x0000000083d00000| Untracked 
|  62|0x0000000083e00000, 0x0000000083f00000, 0x0000000083f00000|100%| O|  |TAMS 0x0000000083e00000| PB 0x0000000083e00000| Untracked 
|  63|0x0000000083f00000, 0x0000000084000000, 0x0000000084000000|100%| O|  |TAMS 0x0000000083f00000| PB 0x0000000083f00000| Untracked 
|  64|0x0000000084000000, 0x0000000084100000, 0x0000000084100000|100%| O|  |TAMS 0x0000000084000000| PB 0x0000000084000000| Untracked 
|  65|0x0000000084100000, 0x0000000084200000, 0x0000000084200000|100%|HS|  |TAMS 0x0000000084100000| PB 0x0000000084100000| Complete 
|  66|0x0000000084200000, 0x0000000084300000, 0x0000000084300000|100%| O|  |TAMS 0x0000000084200000| PB 0x0000000084200000| Untracked 
|  67|0x0000000084300000, 0x0000000084400000, 0x0000000084400000|100%| O|  |TAMS 0x0000000084300000| PB 0x0000000084300000| Untracked 
|  68|0x0000000084400000, 0x0000000084500000, 0x0000000084500000|100%| O|  |TAMS 0x0000000084400000| PB 0x0000000084400000| Untracked 
|  69|0x0000000084500000, 0x0000000084600000, 0x0000000084600000|100%| O|  |TAMS 0x0000000084500000| PB 0x0000000084500000| Untracked 
|  70|0x0000000084600000, 0x0000000084700000, 0x0000000084700000|100%| O|  |TAMS 0x0000000084600000| PB 0x0000000084600000| Untracked 
|  71|0x0000000084700000, 0x0000000084800000, 0x0000000084800000|100%| O|  |TAMS 0x0000000084700000| PB 0x0000000084700000| Untracked 
|  72|0x0000000084800000, 0x0000000084900000, 0x0000000084900000|100%| O|  |TAMS 0x0000000084800000| PB 0x0000000084800000| Untracked 
|  73|0x0000000084900000, 0x000000008491eb00, 0x0000000084a00000| 11%| O|  |TAMS 0x0000000084900000| PB 0x0000000084900000| Untracked 
|  74|0x0000000084a00000, 0x0000000084a00000, 0x0000000084b00000|  0%| F|  |TAMS 0x0000000084a00000| PB 0x0000000084a00000| Untracked 
|  75|0x0000000084b00000, 0x0000000084b00000, 0x0000000084c00000|  0%| F|  |TAMS 0x0000000084b00000| PB 0x0000000084b00000| Untracked 
|  76|0x0000000084c00000, 0x0000000084c00000, 0x0000000084d00000|  0%| F|  |TAMS 0x0000000084c00000| PB 0x0000000084c00000| Untracked 
|  77|0x0000000084d00000, 0x0000000084d00000, 0x0000000084e00000|  0%| F|  |TAMS 0x0000000084d00000| PB 0x0000000084d00000| Untracked 
|  78|0x0000000084e00000, 0x0000000084e00000, 0x0000000084f00000|  0%| F|  |TAMS 0x0000000084e00000| PB 0x0000000084e00000| Untracked 
|  79|0x0000000084f00000, 0x0000000084f00000, 0x0000000085000000|  0%| F|  |TAMS 0x0000000084f00000| PB 0x0000000084f00000| Untracked 
|  80|0x0000000085000000, 0x0000000085000000, 0x0000000085100000|  0%| F|  |TAMS 0x0000000085000000| PB 0x0000000085000000| Untracked 
|  81|0x0000000085100000, 0x0000000085100000, 0x0000000085200000|  0%| F|  |TAMS 0x0000000085100000| PB 0x0000000085100000| Untracked 
|  82|0x0000000085200000, 0x0000000085200000, 0x0000000085300000|  0%| F|  |TAMS 0x0000000085200000| PB 0x0000000085200000| Untracked 
|  83|0x0000000085300000, 0x0000000085300000, 0x0000000085400000|  0%| F|  |TAMS 0x0000000085300000| PB 0x0000000085300000| Untracked 
|  84|0x0000000085400000, 0x0000000085400000, 0x0000000085500000|  0%| F|  |TAMS 0x0000000085400000| PB 0x0000000085400000| Untracked 
|  85|0x0000000085500000, 0x0000000085500000, 0x0000000085600000|  0%| F|  |TAMS 0x0000000085500000| PB 0x0000000085500000| Untracked 
|  86|0x0000000085600000, 0x0000000085600000, 0x0000000085700000|  0%| F|  |TAMS 0x0000000085600000| PB 0x0000000085600000| Untracked 
|  87|0x0000000085700000, 0x0000000085700000, 0x0000000085800000|  0%| F|  |TAMS 0x0000000085700000| PB 0x0000000085700000| Untracked 
|  88|0x0000000085800000, 0x0000000085800000, 0x0000000085900000|  0%| F|  |TAMS 0x0000000085800000| PB 0x0000000085800000| Untracked 
|  89|0x0000000085900000, 0x0000000085900000, 0x0000000085a00000|  0%| F|  |TAMS 0x0000000085900000| PB 0x0000000085900000| Untracked 
|  90|0x0000000085a00000, 0x0000000085a00000, 0x0000000085b00000|  0%| F|  |TAMS 0x0000000085a00000| PB 0x0000000085a00000| Untracked 
|  91|0x0000000085b00000, 0x0000000085b00000, 0x0000000085c00000|  0%| F|  |TAMS 0x0000000085b00000| PB 0x0000000085b00000| Untracked 
|  92|0x0000000085c00000, 0x0000000085c00000, 0x0000000085d00000|  0%| F|  |TAMS 0x0000000085c00000| PB 0x0000000085c00000| Untracked 
|  93|0x0000000085d00000, 0x0000000085d00000, 0x0000000085e00000|  0%| F|  |TAMS 0x0000000085d00000| PB 0x0000000085d00000| Untracked 
|  94|0x0000000085e00000, 0x0000000085e00000, 0x0000000085f00000|  0%| F|  |TAMS 0x0000000085e00000| PB 0x0000000085e00000| Untracked 
|  95|0x0000000085f00000, 0x0000000085f00000, 0x0000000086000000|  0%| F|  |TAMS 0x0000000085f00000| PB 0x0000000085f00000| Untracked 
|  96|0x0000000086000000, 0x0000000086000000, 0x0000000086100000|  0%| F|  |TAMS 0x0000000086000000| PB 0x0000000086000000| Untracked 
|  97|0x0000000086100000, 0x0000000086145858, 0x0000000086200000| 27%| S|CS|TAMS 0x0000000086100000| PB 0x0000000086100000| Complete 
|  98|0x0000000086200000, 0x0000000086300000, 0x0000000086300000|100%| S|CS|TAMS 0x0000000086200000| PB 0x0000000086200000| Complete 
|  99|0x0000000086300000, 0x0000000086300000, 0x0000000086400000|  0%| F|  |TAMS 0x0000000086300000| PB 0x0000000086300000| Untracked 
| 100|0x0000000086400000, 0x0000000086400000, 0x0000000086500000|  0%| F|  |TAMS 0x0000000086400000| PB 0x0000000086400000| Untracked 
| 101|0x0000000086500000, 0x0000000086500000, 0x0000000086600000|  0%| F|  |TAMS 0x0000000086500000| PB 0x0000000086500000| Untracked 
| 102|0x0000000086600000, 0x0000000086600000, 0x0000000086700000|  0%| F|  |TAMS 0x0000000086600000| PB 0x0000000086600000| Untracked 
| 103|0x0000000086700000, 0x0000000086700000, 0x0000000086800000|  0%| F|  |TAMS 0x0000000086700000| PB 0x0000000086700000| Untracked 
| 104|0x0000000086800000, 0x0000000086880000, 0x0000000086900000| 50%| E|  |TAMS 0x0000000086800000| PB 0x0000000086800000| Complete 
| 105|0x0000000086900000, 0x0000000086a00000, 0x0000000086a00000|100%| E|CS|TAMS 0x0000000086900000| PB 0x0000000086900000| Complete 
| 106|0x0000000086a00000, 0x0000000086b00000, 0x0000000086b00000|100%| E|CS|TAMS 0x0000000086a00000| PB 0x0000000086a00000| Complete 
| 107|0x0000000086b00000, 0x0000000086c00000, 0x0000000086c00000|100%| E|CS|TAMS 0x0000000086b00000| PB 0x0000000086b00000| Complete 
| 108|0x0000000086c00000, 0x0000000086d00000, 0x0000000086d00000|100%| E|CS|TAMS 0x0000000086c00000| PB 0x0000000086c00000| Complete 
| 109|0x0000000086d00000, 0x0000000086e00000, 0x0000000086e00000|100%| E|CS|TAMS 0x0000000086d00000| PB 0x0000000086d00000| Complete 
| 110|0x0000000086e00000, 0x0000000086f00000, 0x0000000086f00000|100%| E|CS|TAMS 0x0000000086e00000| PB 0x0000000086e00000| Complete 
| 111|0x0000000086f00000, 0x0000000087000000, 0x0000000087000000|100%| E|CS|TAMS 0x0000000086f00000| PB 0x0000000086f00000| Complete 
| 112|0x0000000087000000, 0x0000000087100000, 0x0000000087100000|100%| E|CS|TAMS 0x0000000087000000| PB 0x0000000087000000| Complete 
| 113|0x0000000087100000, 0x0000000087200000, 0x0000000087200000|100%| E|CS|TAMS 0x0000000087100000| PB 0x0000000087100000| Complete 
| 114|0x0000000087200000, 0x0000000087300000, 0x0000000087300000|100%| E|CS|TAMS 0x0000000087200000| PB 0x0000000087200000| Complete 
| 115|0x0000000087300000, 0x0000000087400000, 0x0000000087400000|100%| E|CS|TAMS 0x0000000087300000| PB 0x0000000087300000| Complete 
| 116|0x0000000087400000, 0x0000000087500000, 0x0000000087500000|100%| E|CS|TAMS 0x0000000087400000| PB 0x0000000087400000| Complete 
| 117|0x0000000087500000, 0x0000000087600000, 0x0000000087600000|100%| E|CS|TAMS 0x0000000087500000| PB 0x0000000087500000| Complete 
| 118|0x0000000087600000, 0x0000000087700000, 0x0000000087700000|100%| E|CS|TAMS 0x0000000087600000| PB 0x0000000087600000| Complete 
| 119|0x0000000087700000, 0x0000000087800000, 0x0000000087800000|100%| E|CS|TAMS 0x0000000087700000| PB 0x0000000087700000| Complete 
| 120|0x0000000087800000, 0x0000000087900000, 0x0000000087900000|100%| E|CS|TAMS 0x0000000087800000| PB 0x0000000087800000| Complete 
| 121|0x0000000087900000, 0x0000000087a00000, 0x0000000087a00000|100%| E|CS|TAMS 0x0000000087900000| PB 0x0000000087900000| Complete 
| 122|0x0000000087a00000, 0x0000000087b00000, 0x0000000087b00000|100%| E|CS|TAMS 0x0000000087a00000| PB 0x0000000087a00000| Complete 
| 123|0x0000000087b00000, 0x0000000087c00000, 0x0000000087c00000|100%| E|CS|TAMS 0x0000000087b00000| PB 0x0000000087b00000| Complete 
| 124|0x0000000087c00000, 0x0000000087d00000, 0x0000000087d00000|100%| E|CS|TAMS 0x0000000087c00000| PB 0x0000000087c00000| Complete 
| 125|0x0000000087d00000, 0x0000000087e00000, 0x0000000087e00000|100%| E|CS|TAMS 0x0000000087d00000| PB 0x0000000087d00000| Complete 
| 126|0x0000000087e00000, 0x0000000087f00000, 0x0000000087f00000|100%| E|CS|TAMS 0x0000000087e00000| PB 0x0000000087e00000| Complete 
|2041|0x00000000ff900000, 0x00000000ffa00000, 0x00000000ffa00000|100%| O|  |TAMS 0x00000000ff900000| PB 0x00000000ff900000| Untracked 
|2042|0x00000000ffa00000, 0x00000000ffb00000, 0x00000000ffb00000|100%| O|Cm|TAMS 0x00000000ffa00000| PB 0x00000000ffa00000| Complete 
|2043|0x00000000ffb00000, 0x00000000ffc00000, 0x00000000ffc00000|100%| E|CS|TAMS 0x00000000ffb00000| PB 0x00000000ffb00000| Complete 
|2044|0x00000000ffc00000, 0x00000000ffd00000, 0x00000000ffd00000|100%| O|  |TAMS 0x00000000ffc00000| PB 0x00000000ffc00000| Untracked 
|2045|0x00000000ffd00000, 0x00000000ffe00000, 0x00000000ffe00000|100%| O|  |TAMS 0x00000000ffd00000| PB 0x00000000ffd00000| Untracked 
|2046|0x00000000ffe00000, 0x00000000fff00000, 0x00000000fff00000|100%| E|CS|TAMS 0x00000000ffe00000| PB 0x00000000ffe00000| Complete 
|2047|0x00000000fff00000, 0x0000000100000000, 0x0000000100000000|100%| O|  |TAMS 0x00000000fff00000| PB 0x00000000fff00000| Untracked 

Card table byte_map: [0x0000018ffdb80000,0x0000018ffdf80000] _byte_map_base: 0x0000018ffd780000

Marking Bits: (CMBitMap*) 0x0000018ffd3e6f00
 Bits: [0x0000018ffdf80000, 0x0000018ffff80000)

Polling page: 0x0000018ffb1e0000

Metaspace:

Usage:
  Non-class:     63.67 MB used.
      Class:     10.55 MB used.
       Both:     74.22 MB used.

Virtual space:
  Non-class space:      128.00 MB reserved,      64.75 MB ( 51%) committed,  2 nodes.
      Class space:        1.00 GB reserved,      11.56 MB (  1%) committed,  1 nodes.
             Both:        1.12 GB reserved,      76.31 MB (  7%) committed. 

Chunk freelists:
   Non-Class:  15.28 MB
       Class:  4.45 MB
        Both:  19.73 MB

MaxMetaspaceSize: unlimited
CompressedClassSpaceSize: 1.00 GB
Initial GC threshold: 21.00 MB
Current GC threshold: 121.81 MB
CDS: on
 - commit_granule_bytes: 65536.
 - commit_granule_words: 8192.
 - virtual_space_node_default_size: 8388608.
 - enlarge_chunks_in_place: 1.
 - use_allocation_guard: 0.


Internal statistics:

num_allocs_failed_limit: 6.
num_arena_births: 3800.
num_arena_deaths: 0.
num_vsnodes_births: 3.
num_vsnodes_deaths: 0.
num_space_committed: 1221.
num_space_uncommitted: 0.
num_chunks_returned_to_freelist: 6.
num_chunks_taken_from_freelist: 7430.
num_chunk_merges: 6.
num_chunk_splits: 4820.
num_chunks_enlarged: 2973.
num_inconsistent_stats: 0.

CodeHeap 'non-profiled nmethods': size=120000Kb used=5135Kb max_used=5135Kb free=114864Kb
 bounds [0x0000018f8ac10000, 0x0000018f8b120000, 0x0000018f92140000]
CodeHeap 'profiled nmethods': size=120000Kb used=15705Kb max_used=15705Kb free=104294Kb
 bounds [0x0000018f83140000, 0x0000018f840a0000, 0x0000018f8a670000]
CodeHeap 'non-nmethods': size=5760Kb used=1955Kb max_used=2032Kb free=3804Kb
 bounds [0x0000018f8a670000, 0x0000018f8a8e0000, 0x0000018f8ac10000]
CodeCache: size=245760Kb, used=22795Kb, max_used=22872Kb, free=222962Kb
 total_blobs=9392, nmethods=8572, adapters=724, full_count=0
Compilation: enabled, stopped_count=0, restarted_count=0

Compilation events (20 events):
Event: 21.475 Thread 0x0000018f94bba4b0 nmethod 9956 0x0000018f84090a90 code [0x0000018f84090c80, 0x0000018f840911e8]
Event: 21.475 Thread 0x0000018f94bba4b0 9958       3       com.google.common.base.Platform::stringIsNullOrEmpty (17 bytes)
Event: 21.475 Thread 0x0000018f94bba4b0 nmethod 9958 0x0000018f84091490 code [0x0000018f84091640, 0x0000018f84091870]
Event: 21.475 Thread 0x0000018f94bba4b0 9957       3       org.gradle.api.internal.artifacts.dependencies.DefaultMutableMinimalDependency_Decorated::getVersion (40 bytes)
Event: 21.476 Thread 0x0000018f94bba4b0 nmethod 9957 0x0000018f84091990 code [0x0000018f84091ba0, 0x0000018f840920d0]
Event: 21.476 Thread 0x0000018f94bba4b0 9955       1       org.gradle.api.internal.DelegatingDomainObjectSet::getDelegate (5 bytes)
Event: 21.476 Thread 0x0000018f94bba4b0 nmethod 9955 0x0000018f8b111510 code [0x0000018f8b1116a0, 0x0000018f8b111768]
Event: 21.489 Thread 0x0000018fdcf2d940 nmethod 9923 0x0000018f8b111810 code [0x0000018f8b1119e0, 0x0000018f8b1120b8]
Event: 21.490 Thread 0x0000018fdcf2d940 9927   !   4       java.io.ObjectInputStream$BlockDataInputStream::readUTFSpan (502 bytes)
Event: 21.491 Thread 0x0000018f94bba4b0 9959       1       org.gradle.api.internal.DefaultNamedDomainObjectCollection$AbstractNamedDomainObjectProvider::getName (5 bytes)
Event: 21.491 Thread 0x0000018f94bba4b0 nmethod 9959 0x0000018f8b112590 code [0x0000018f8b112720, 0x0000018f8b1127e8]
Event: 21.514 Thread 0x0000018fdcf2d940 nmethod 9927 0x0000018f8b112890 code [0x0000018f8b112a60, 0x0000018f8b113438]
Event: 21.514 Thread 0x0000018fdcf2d940 9941       4       java.io.ObjectOutputStream$HandleTable::lookup (56 bytes)
Event: 21.517 Thread 0x0000018fdcf2d940 nmethod 9941 0x0000018f8b113910 code [0x0000018f8b113ac0, 0x0000018f8b113d08]
Event: 21.542 Thread 0x0000018f94bba4b0 9960       3       com.google.common.collect.ImmutableList::iterator (5 bytes)
Event: 21.542 Thread 0x0000018f94bba4b0 nmethod 9960 0x0000018f84092290 code [0x0000018f84092440, 0x0000018f840926f0]
Event: 21.542 Thread 0x0000018f94bba4b0 9961       3       com.google.common.collect.ImmutableList::listIterator (6 bytes)
Event: 21.542 Thread 0x0000018f94bba4b0 nmethod 9961 0x0000018f84092810 code [0x0000018f840929c0, 0x0000018f84092b98]
Event: 21.542 Thread 0x0000018f94bba4b0 9962       3       com.google.common.collect.RegularImmutableList::listIterator (9 bytes)
Event: 21.543 Thread 0x0000018f94bba4b0 nmethod 9962 0x0000018f84092c90 code [0x0000018f84092ea0, 0x0000018f840934d8]

GC Heap History (20 events):
Event: 15.928 GC heap before
{Heap before GC invocations=21 (full 0):
 garbage-first heap   total 88064K, used 85057K [0x0000000080000000, 0x0000000100000000)
  region size 1024K, 30 young (30720K), 4 survivors (4096K)
 Metaspace       used 55005K, committed 56896K, reserved 1114112K
  class space    used 8005K, committed 8960K, reserved 1048576K
}
Event: 15.933 GC heap after
{Heap after GC invocations=22 (full 0):
 garbage-first heap   total 96256K, used 63936K [0x0000000080000000, 0x0000000100000000)
  region size 1024K, 4 young (4096K), 4 survivors (4096K)
 Metaspace       used 55005K, committed 56896K, reserved 1114112K
  class space    used 8005K, committed 8960K, reserved 1048576K
}
Event: 16.160 GC heap before
{Heap before GC invocations=22 (full 0):
 garbage-first heap   total 96256K, used 84416K [0x0000000080000000, 0x0000000100000000)
  region size 1024K, 24 young (24576K), 4 survivors (4096K)
 Metaspace       used 56276K, committed 58176K, reserved 1114112K
  class space    used 8147K, committed 9088K, reserved 1048576K
}
Event: 16.163 GC heap after
{Heap after GC invocations=23 (full 0):
 garbage-first heap   total 96256K, used 66387K [0x0000000080000000, 0x0000000100000000)
  region size 1024K, 2 young (2048K), 2 survivors (2048K)
 Metaspace       used 56276K, committed 58176K, reserved 1114112K
  class space    used 8147K, committed 9088K, reserved 1048576K
}
Event: 16.401 GC heap before
{Heap before GC invocations=23 (full 0):
 garbage-first heap   total 96256K, used 85843K [0x0000000080000000, 0x0000000100000000)
  region size 1024K, 22 young (22528K), 2 survivors (2048K)
 Metaspace       used 58059K, committed 59968K, reserved 1114112K
  class space    used 8356K, committed 9280K, reserved 1048576K
}
Event: 16.404 GC heap after
{Heap after GC invocations=24 (full 0):
 garbage-first heap   total 96256K, used 67095K [0x0000000080000000, 0x0000000100000000)
  region size 1024K, 3 young (3072K), 3 survivors (3072K)
 Metaspace       used 58059K, committed 59968K, reserved 1114112K
  class space    used 8356K, committed 9280K, reserved 1048576K
}
Event: 16.767 GC heap before
{Heap before GC invocations=25 (full 0):
 garbage-first heap   total 112640K, used 86551K [0x0000000080000000, 0x0000000100000000)
  region size 1024K, 23 young (23552K), 3 survivors (3072K)
 Metaspace       used 59781K, committed 61696K, reserved 1114112K
  class space    used 8570K, committed 9536K, reserved 1048576K
}
Event: 16.773 GC heap after
{Heap after GC invocations=26 (full 0):
 garbage-first heap   total 112640K, used 67366K [0x0000000080000000, 0x0000000100000000)
  region size 1024K, 2 young (2048K), 2 survivors (2048K)
 Metaspace       used 59781K, committed 61696K, reserved 1114112K
  class space    used 8570K, committed 9536K, reserved 1048576K
}
Event: 17.422 GC heap before
{Heap before GC invocations=26 (full 0):
 garbage-first heap   total 112640K, used 103206K [0x0000000080000000, 0x0000000100000000)
  region size 1024K, 35 young (35840K), 2 survivors (2048K)
 Metaspace       used 62899K, committed 64896K, reserved 1114112K
  class space    used 9043K, committed 9984K, reserved 1048576K
}
Event: 17.427 GC heap after
{Heap after GC invocations=27 (full 0):
 garbage-first heap   total 112640K, used 70278K [0x0000000080000000, 0x0000000100000000)
  region size 1024K, 3 young (3072K), 3 survivors (3072K)
 Metaspace       used 62899K, committed 64896K, reserved 1114112K
  class space    used 9043K, committed 9984K, reserved 1048576K
}
Event: 18.178 GC heap before
{Heap before GC invocations=27 (full 0):
 garbage-first heap   total 112640K, used 103046K [0x0000000080000000, 0x0000000100000000)
  region size 1024K, 35 young (35840K), 3 survivors (3072K)
 Metaspace       used 65994K, committed 68032K, reserved 1114112K
  class space    used 9486K, committed 10496K, reserved 1048576K
}
Event: 18.183 GC heap after
{Heap after GC invocations=28 (full 0):
 garbage-first heap   total 112640K, used 71740K [0x0000000080000000, 0x0000000100000000)
  region size 1024K, 5 young (5120K), 5 survivors (5120K)
 Metaspace       used 65994K, committed 68032K, reserved 1114112K
  class space    used 9486K, committed 10496K, reserved 1048576K
}
Event: 18.736 GC heap before
{Heap before GC invocations=29 (full 0):
 garbage-first heap   total 121856K, used 107580K [0x0000000080000000, 0x0000000100000000)
  region size 1024K, 36 young (36864K), 5 survivors (5120K)
 Metaspace       used 68079K, committed 70144K, reserved 1114112K
  class space    used 9758K, committed 10752K, reserved 1048576K
}
Event: 18.742 GC heap after
{Heap after GC invocations=30 (full 0):
 garbage-first heap   total 121856K, used 76700K [0x0000000080000000, 0x0000000100000000)
  region size 1024K, 5 young (5120K), 5 survivors (5120K)
 Metaspace       used 68079K, committed 70144K, reserved 1114112K
  class space    used 9758K, committed 10752K, reserved 1048576K
}
Event: 19.355 GC heap before
{Heap before GC invocations=30 (full 0):
 garbage-first heap   total 121856K, used 111516K [0x0000000080000000, 0x0000000100000000)
  region size 1024K, 39 young (39936K), 5 survivors (5120K)
 Metaspace       used 70551K, committed 72640K, reserved 1114112K
  class space    used 10064K, committed 11072K, reserved 1048576K
}
Event: 19.361 GC heap after
{Heap after GC invocations=31 (full 0):
 garbage-first heap   total 121856K, used 78301K [0x0000000080000000, 0x0000000100000000)
  region size 1024K, 2 young (2048K), 2 survivors (2048K)
 Metaspace       used 70551K, committed 72640K, reserved 1114112K
  class space    used 10064K, committed 11072K, reserved 1048576K
}
Event: 19.990 GC heap before
{Heap before GC invocations=31 (full 0):
 garbage-first heap   total 121856K, used 112093K [0x0000000080000000, 0x0000000100000000)
  region size 1024K, 35 young (35840K), 2 survivors (2048K)
 Metaspace       used 72722K, committed 74816K, reserved 1114112K
  class space    used 10334K, committed 11392K, reserved 1048576K
}
Event: 19.994 GC heap after
{Heap after GC invocations=32 (full 0):
 garbage-first heap   total 121856K, used 81217K [0x0000000080000000, 0x0000000100000000)
  region size 1024K, 5 young (5120K), 5 survivors (5120K)
 Metaspace       used 72722K, committed 74816K, reserved 1114112K
  class space    used 10334K, committed 11392K, reserved 1048576K
}
Event: 20.875 GC heap before
{Heap before GC invocations=33 (full 0):
 garbage-first heap   total 137216K, used 110913K [0x0000000080000000, 0x0000000100000000)
  region size 1024K, 35 young (35840K), 5 survivors (5120K)
 Metaspace       used 74299K, committed 76416K, reserved 1114112K
  class space    used 10536K, committed 11584K, reserved 1048576K
}
Event: 20.881 GC heap after
{Heap after GC invocations=34 (full 0):
 garbage-first heap   total 137216K, used 81296K [0x0000000080000000, 0x0000000100000000)
  region size 1024K, 2 young (2048K), 2 survivors (2048K)
 Metaspace       used 74299K, committed 76416K, reserved 1114112K
  class space    used 10536K, committed 11584K, reserved 1048576K
}

Dll operation events (14 events):
Event: 0.014 Loaded shared library C:\Users\Shehroz Khan\.antigravity\extensions\redhat.java-1.53.0-win32-x64\jre\21.0.10-win32-x86_64\bin\java.dll
Event: 0.093 Loaded shared library C:\Users\Shehroz Khan\.antigravity\extensions\redhat.java-1.53.0-win32-x64\jre\21.0.10-win32-x86_64\bin\zip.dll
Event: 0.121 Loaded shared library C:\Users\Shehroz Khan\.antigravity\extensions\redhat.java-1.53.0-win32-x64\jre\21.0.10-win32-x86_64\bin\instrument.dll
Event: 0.128 Loaded shared library C:\Users\Shehroz Khan\.antigravity\extensions\redhat.java-1.53.0-win32-x64\jre\21.0.10-win32-x86_64\bin\net.dll
Event: 0.131 Loaded shared library C:\Users\Shehroz Khan\.antigravity\extensions\redhat.java-1.53.0-win32-x64\jre\21.0.10-win32-x86_64\bin\nio.dll
Event: 0.135 Loaded shared library C:\Users\Shehroz Khan\.antigravity\extensions\redhat.java-1.53.0-win32-x64\jre\21.0.10-win32-x86_64\bin\zip.dll
Event: 0.600 Loaded shared library C:\Users\Shehroz Khan\.antigravity\extensions\redhat.java-1.53.0-win32-x64\jre\21.0.10-win32-x86_64\bin\jimage.dll
Event: 0.987 Loaded shared library C:\Users\Shehroz Khan\.antigravity\extensions\redhat.java-1.53.0-win32-x64\jre\21.0.10-win32-x86_64\bin\verify.dll
Event: 1.028 Loaded shared library C:\Users\Shehroz Khan\.gradle\native\660c5614fbf4a5f2a75b1949f50a0caf5cd603558e7d8a26e50b933a0cfb79d1\windows-amd64\native-platform.dll
Event: 1.040 Loaded shared library C:\Users\Shehroz Khan\.gradle\native\0.2.8\x86_64-windows-gnu\gradle-fileevents.dll
Event: 3.277 Loaded shared library C:\Users\Shehroz Khan\.antigravity\extensions\redhat.java-1.53.0-win32-x64\jre\21.0.10-win32-x86_64\bin\management.dll
Event: 3.286 Loaded shared library C:\Users\Shehroz Khan\.antigravity\extensions\redhat.java-1.53.0-win32-x64\jre\21.0.10-win32-x86_64\bin\management_ext.dll
Event: 3.499 Loaded shared library C:\Users\Shehroz Khan\.antigravity\extensions\redhat.java-1.53.0-win32-x64\jre\21.0.10-win32-x86_64\bin\extnet.dll
Event: 4.090 Loaded shared library C:\Users\Shehroz Khan\.antigravity\extensions\redhat.java-1.53.0-win32-x64\jre\21.0.10-win32-x86_64\bin\sunmscapi.dll

Deoptimization events (20 events):
Event: 19.813 Thread 0x0000018fdbb83650 DEOPT PACKING pc=0x0000018f8b0b7d14 sp=0x0000004c874f7030
Event: 19.813 Thread 0x0000018fdbb83650 DEOPT UNPACKING pc=0x0000018f8a6c4422 sp=0x0000004c874f6fd0 mode 2
Event: 19.814 Thread 0x0000018fdbb83650 Uncommon trap: trap_request=0xffffffd6 fr.pc=0x0000018f8b0b7d14 relative=0x00000000000003d4
Event: 19.814 Thread 0x0000018fdbb83650 Uncommon trap: reason=array_check action=maybe_recompile pc=0x0000018f8b0b7d14 method=java.util.LinkedHashMap.keysToArray([Ljava/lang/Object;Z)[Ljava/lang/Object; @ 67 c2
Event: 19.814 Thread 0x0000018fdbb83650 DEOPT PACKING pc=0x0000018f8b0b7d14 sp=0x0000004c874f7030
Event: 19.814 Thread 0x0000018fdbb83650 DEOPT UNPACKING pc=0x0000018f8a6c4422 sp=0x0000004c874f6fd0 mode 2
Event: 19.821 Thread 0x0000018fdbb83650 DEOPT PACKING pc=0x0000018f838cb48a sp=0x0000004c874f6c70
Event: 19.821 Thread 0x0000018fdbb83650 DEOPT UNPACKING pc=0x0000018f8a6c4bc2 sp=0x0000004c874f6150 mode 0
Event: 19.822 Thread 0x0000018fdbb83650 DEOPT PACKING pc=0x0000018f83681646 sp=0x0000004c874f6450
Event: 19.822 Thread 0x0000018fdbb83650 DEOPT UNPACKING pc=0x0000018f8a6c4bc2 sp=0x0000004c874f59d0 mode 0
Event: 20.323 Thread 0x0000018fdbb83650 Uncommon trap: trap_request=0xffffff45 fr.pc=0x0000018f8ace0bd8 relative=0x00000000000023d8
Event: 20.323 Thread 0x0000018fdbb83650 Uncommon trap: reason=unstable_if action=reinterpret pc=0x0000018f8ace0bd8 method=java.lang.String.split(CIZ)[Ljava/lang/String; @ 184 c2
Event: 20.323 Thread 0x0000018fdbb83650 DEOPT PACKING pc=0x0000018f8ace0bd8 sp=0x0000004c874f8810
Event: 20.323 Thread 0x0000018fdbb83650 DEOPT UNPACKING pc=0x0000018f8a6c4422 sp=0x0000004c874f87e0 mode 2
Event: 21.133 Thread 0x0000018fdbb83650 DEOPT PACKING pc=0x0000018f839f7b30 sp=0x0000004c874f7190
Event: 21.133 Thread 0x0000018fdbb83650 DEOPT UNPACKING pc=0x0000018f8a6c4bc2 sp=0x0000004c874f66b0 mode 0
Event: 21.440 Thread 0x0000018fdbb83650 Uncommon trap: trap_request=0xffffffde fr.pc=0x0000018f8af815ac relative=0x000000000000010c
Event: 21.440 Thread 0x0000018fdbb83650 Uncommon trap: reason=class_check action=maybe_recompile pc=0x0000018f8af815ac method=org.gradle.util.internal.GUtil.isTrue(Ljava/lang/Object;)Z @ 32 c2
Event: 21.440 Thread 0x0000018fdbb83650 DEOPT PACKING pc=0x0000018f8af815ac sp=0x0000004c874f79e0
Event: 21.440 Thread 0x0000018fdbb83650 DEOPT UNPACKING pc=0x0000018f8a6c4422 sp=0x0000004c874f7978 mode 2

Classes loaded (20 events):
Event: 18.513 Loading class java/util/Base64$Decoder
Event: 18.513 Loading class java/util/Base64$Decoder done
Event: 18.513 Loading class java/util/Base64$Encoder
Event: 18.513 Loading class java/util/Base64$Encoder done
Event: 18.515 Loading class java/util/jar/JarVerifier$VerifierStream
Event: 18.516 Loading class java/util/jar/JarVerifier$VerifierStream done
Event: 18.516 Loading class sun/security/util/ManifestEntryVerifier$SunProviderHolder
Event: 18.516 Loading class sun/security/util/ManifestEntryVerifier$SunProviderHolder done
Event: 18.799 Loading class sun/misc/Unsafe
Event: 18.800 Loading class sun/misc/Unsafe done
Event: 18.861 Loading class sun/reflect/annotation/AnnotationInvocationHandler$1
Event: 18.861 Loading class sun/reflect/annotation/AnnotationInvocationHandler$1 done
Event: 18.899 Loading class java/lang/foreign/ValueLayout
Event: 18.900 Loading class java/lang/foreign/MemoryLayout
Event: 18.900 Loading class java/lang/foreign/MemoryLayout done
Event: 18.900 Loading class java/lang/foreign/ValueLayout done
Event: 19.293 Loading class java/security/KeyStore
Event: 19.294 Loading class java/security/KeyStore done
Event: 19.541 Loading class javax/xml/stream/XMLStreamException
Event: 19.542 Loading class javax/xml/stream/XMLStreamException done

Classes unloaded (0 events):
No events

Classes redefined (0 events):
No events

Internal exceptions (20 events):
Event: 15.918 Thread 0x0000018fdbb83650 Exception <a 'java/lang/ClassNotFoundException'{0x0000000083a9ddf8}: org/gradle/api/internal/plugins/DefaultObjectConfigurationActionBeanInfo> (0x0000000083a9ddf8) 
thrown [s\src\hotspot\share\classfile\systemDictionary.cpp, line 312]
Event: 15.919 Thread 0x0000018fdbb83650 Exception <a 'java/lang/ClassNotFoundException'{0x0000000083ab56e8}: org/gradle/api/internal/plugins/DefaultObjectConfigurationActionCustomizer> (0x0000000083ab56e8) 
thrown [s\src\hotspot\share\classfile\systemDictionary.cpp, line 312]
Event: 16.277 Thread 0x0000018fdbb83650 Exception <a 'java/lang/NoSuchMethodError'{0x0000000084c07828}: 'int java.lang.invoke.DirectMethodHandle$Holder.invokeSpecialIFC(java.lang.Object, java.lang.Object, java.lang.Object, java.lang.Object, java.lang.Object)'> (0x0000000084c07828) 
thrown [s\src\hotspot\share\interpreter\linkResolver.cpp, line 773]
Event: 16.915 Thread 0x0000018fdbb83650 Exception <a 'java/lang/NoSuchMethodError'{0x00000000860ca328}: 'java.lang.Object java.lang.invoke.DirectMethodHandle$Holder.newInvokeSpecial(java.lang.Object, java.lang.Object, java.lang.Object, java.lang.Object, java.lang.Object, java.lang.Object, java.lang.Object, java.lang.Object, java.lang.Object, java.lang.Object, java.lang.Object, java.lang.Object, java.lang.Object, java.lang.Object, java.lang.Object, java.lang.Object)'> (0x00000000860ca328) 
thrown [s\src\hotspot\share\interpreter\linkResolver.cpp,
Event: 16.915 Thread 0x0000018fdbb83650 Exception <a 'java/lang/NoSuchMethodError'{0x00000000860d1298}: 'java.lang.Object java.lang.invoke.DirectMethodHandle$Holder.invokeSpecial(java.lang.Object, java.lang.Object, java.lang.Object, java.lang.Object, java.lang.Object, java.lang.Object, java.lang.Object, java.lang.Object, java.lang.Object, java.lang.Object, java.lang.Object, java.lang.Object, java.lang.Object, java.lang.Object, java.lang.Object, java.lang.Object, java.lang.Object)'> (0x00000000860d1298) 
thrown [s\src\hotspot\share\interpreter\li
Event: 16.916 Thread 0x0000018fdbb83650 Exception <a 'java/lang/NoSuchMethodError'{0x00000000860d7128}: 'java.lang.Object java.lang.invoke.DelegatingMethodHandle$Holder.reinvoke_L(java.lang.Object, java.lang.Object, java.lang.Object, java.lang.Object, java.lang.Object, java.lang.Object, java.lang.Object, java.lang.Object, java.lang.Object, java.lang.Object, java.lang.Object, java.lang.Object, java.lang.Object, java.lang.Object, java.lang.Object, java.lang.Object)'> (0x00000000860d7128) 
thrown [s\src\hotspot\share\interpreter\linkResolver.cpp, l
Event: 17.412 Thread 0x0000018fdbb83650 Exception <a 'java/lang/NoSuchMethodError'{0x0000000084460d60}: static Lorg/jetbrains/kotlin/gradle/plugin/internal/DefaultProjectIsolationStartParameterAccessor$Factory;.<clinit>()V> (0x0000000084460d60) 
thrown [s\src\hotspot\share\prims\jni.cpp, line 1111]
Event: 17.415 Thread 0x0000018fdbb83650 Exception <a 'java/lang/NoSuchMethodError'{0x0000000084486510}: static Lorg/jetbrains/kotlin/gradle/plugin/internal/DefaultJavaExecTaskParametersCompatibility$Factory;.<clinit>()V> (0x0000000084486510) 
thrown [s\src\hotspot\share\prims\jni.cpp, line 1111]
Event: 17.417 Thread 0x0000018fdbb83650 Exception <a 'java/lang/NoSuchMethodError'{0x00000000844bc2e8}: static Lorg/jetbrains/kotlin/gradle/plugin/internal/DefaultMavenPublicationComponentAccessorFactory;.<clinit>()V> (0x00000000844bc2e8) 
thrown [s\src\hotspot\share\prims\jni.cpp, line 1111]
Event: 17.420 Thread 0x0000018fdbb83650 Exception <a 'java/lang/NoSuchMethodError'{0x00000000844e07e0}: static Lorg/jetbrains/kotlin/gradle/plugin/diagnostics/DefaultProblemsReporter$Factory;.<clinit>()V> (0x00000000844e07e0) 
thrown [s\src\hotspot\share\prims\jni.cpp, line 1111]
Event: 17.428 Thread 0x0000018fdbb83650 Exception <a 'java/lang/NoSuchMethodError'{0x00000000ffe12490}: static Lorg/jetbrains/kotlin/gradle/plugin/internal/DefaultCompatibilityConventionRegistrar$Factory;.<clinit>()V> (0x00000000ffe12490) 
thrown [s\src\hotspot\share\prims\jni.cpp, line 1111]
Event: 17.430 Thread 0x0000018fdbb83650 Exception <a 'java/lang/NoSuchMethodError'{0x00000000ffe36268}: static Lorg/jetbrains/kotlin/gradle/plugin/internal/DefaultConfigurationCacheStartParameterAccessorVariantFactory;.<clinit>()V> (0x00000000ffe36268) 
thrown [s\src\hotspot\share\prims\jni.cpp, line 1111]
Event: 17.478 Thread 0x0000018fdbb83650 Implicit null exception at 0x0000018f8aefd46f to 0x0000018f8aefd50c
Event: 17.479 Thread 0x0000018fdbb83650 Exception <a 'java/lang/IncompatibleClassChangeError'{0x0000000087dbe560}: Found class java.lang.Object, but interface was expected> (0x0000000087dbe560) 
thrown [s\src\hotspot\share\interpreter\linkResolver.cpp, line 840]
Event: 17.775 Thread 0x0000018fdbb83650 Exception <a 'java/lang/NoSuchMethodError'{0x0000000085b7e868}: static Ljava/lang/Object;.<clinit>()V> (0x0000000085b7e868) 
thrown [s\src\hotspot\share\prims\jni.cpp, line 1111]
Event: 17.779 Thread 0x0000018fdbb83650 Exception <a 'java/lang/NoSuchMethodError'{0x0000000085be8870}: static Lorg/jetbrains/kotlin/gradle/plugin/statistics/MetricContainer;.<clinit>()V> (0x0000000085be8870) 
thrown [s\src\hotspot\share\prims\jni.cpp, line 1111]
Event: 17.925 Thread 0x0000018fdbb83650 Implicit null exception at 0x0000018f8b067360 to 0x0000018f8b0673e5
Event: 18.571 Thread 0x0000018fdbb83650 Implicit null exception at 0x0000018f8ad496f8 to 0x0000018f8ad49f9c
Event: 19.633 Thread 0x0000018fdbb83650 Implicit null exception at 0x0000018f8ac794f5 to 0x0000018f8ac795e8
Event: 20.932 Thread 0x0000018fdbb83650 Exception <a 'java/lang/NoSuchMethodError'{0x0000000087e864f8}: 'java.lang.Object java.lang.invoke.DirectMethodHandle$Holder.newInvokeSpecial(java.lang.Object, java.lang.Object, java.lang.Object, java.lang.Object, java.lang.Object, java.lang.Object, java.lang.Object, java.lang.Object, java.lang.Object, java.lang.Object, java.lang.Object, java.lang.Object, java.lang.Object, java.lang.Object)'> (0x0000000087e864f8) 
thrown [s\src\hotspot\share\interpreter\linkResolver.cpp, line 773]

ZGC Phase Switch (0 events):
No events

VM Operations (20 events):
Event: 18.453 Executing non-safepoint VM operation: HandshakeAllThreads (Deoptimize) done
Event: 18.454 Executing non-safepoint VM operation: HandshakeAllThreads (Deoptimize)
Event: 18.454 Executing non-safepoint VM operation: HandshakeAllThreads (Deoptimize) done
Event: 18.736 Executing safepoint VM operation: G1CollectForAllocation (G1 Evacuation Pause)
Event: 18.742 Executing safepoint VM operation: G1CollectForAllocation (G1 Evacuation Pause) done
Event: 19.355 Executing safepoint VM operation: G1CollectForAllocation (G1 Evacuation Pause)
Event: 19.361 Executing safepoint VM operation: G1CollectForAllocation (G1 Evacuation Pause) done
Event: 19.959 Executing safepoint VM operation: ICBufferFull
Event: 19.959 Executing safepoint VM operation: ICBufferFull done
Event: 19.990 Executing safepoint VM operation: G1CollectForAllocation (G1 Evacuation Pause)
Event: 19.994 Executing safepoint VM operation: G1CollectForAllocation (G1 Evacuation Pause) done
Event: 20.074 Executing safepoint VM operation: G1PauseRemark
Event: 20.197 Executing safepoint VM operation: G1PauseRemark done
Event: 20.240 Executing safepoint VM operation: G1PauseCleanup
Event: 20.240 Executing safepoint VM operation: G1PauseCleanup done
Event: 20.874 Executing safepoint VM operation: G1CollectForAllocation (G1 Evacuation Pause)
Event: 20.881 Executing safepoint VM operation: G1CollectForAllocation (G1 Evacuation Pause) done
Event: 21.309 Executing non-safepoint VM operation: HandshakeAllThreads (Deoptimize)
Event: 21.309 Executing non-safepoint VM operation: HandshakeAllThreads (Deoptimize) done
Event: 22.324 Executing safepoint VM operation: Cleanup

Memory protections (0 events):
No events

Nmethod flushes (20 events):
Event: 20.077 Thread 0x0000018f94b83890 flushing  nmethod 0x0000018f8377df90
Event: 20.077 Thread 0x0000018f94b83890 flushing  nmethod 0x0000018f837c6090
Event: 20.077 Thread 0x0000018f94b83890 flushing  nmethod 0x0000018f83808190
Event: 20.077 Thread 0x0000018f94b83890 flushing  nmethod 0x0000018f8380a890
Event: 20.077 Thread 0x0000018f94b83890 flushing  nmethod 0x0000018f83848610
Event: 20.077 Thread 0x0000018f94b83890 flushing  nmethod 0x0000018f838a5a90
Event: 20.077 Thread 0x0000018f94b83890 flushing  nmethod 0x0000018f83a96510
Event: 20.077 Thread 0x0000018f94b83890 flushing  nmethod 0x0000018f8ad17990
Event: 20.077 Thread 0x0000018f94b83890 flushing  nmethod 0x0000018f8ad66b90
Event: 20.077 Thread 0x0000018f94b83890 flushing  nmethod 0x0000018f8b067190
Event: 20.077 Thread 0x0000018f94b83890 flushing  nmethod 0x0000018f83369590
Event: 20.077 Thread 0x0000018f94b83890 flushing  nmethod 0x0000018f833bf590
Event: 20.077 Thread 0x0000018f94b83890 flushing  nmethod 0x0000018f83545690
Event: 20.077 Thread 0x0000018f94b83890 flushing  nmethod 0x0000018f83728d90
Event: 20.077 Thread 0x0000018f94b83890 flushing  nmethod 0x0000018f8372ab10
Event: 20.077 Thread 0x0000018f94b83890 flushing  nmethod 0x0000018f8372af90
Event: 20.077 Thread 0x0000018f94b83890 flushing  nmethod 0x0000018f838f4b90
Event: 20.077 Thread 0x0000018f94b83890 flushing  nmethod 0x0000018f83a2fa10
Event: 20.077 Thread 0x0000018f94b83890 flushing  nmethod 0x0000018f83c77710
Event: 20.077 Thread 0x0000018f94b83890 flushing  nmethod 0x0000018f83c7a690

Events (20 events):
Event: 12.491 Thread 0x0000018fdbb83650 Thread added: 0x0000018f94f96150
Event: 12.493 Thread 0x0000018fdbb83650 Thread added: 0x0000018f94f967e0
Event: 12.495 Thread 0x0000018fdbb83650 Thread added: 0x0000018f94f9d0e0
Event: 12.497 Thread 0x0000018fdbb83650 Thread added: 0x0000018f94f99c60
Event: 13.160 Thread 0x0000018fdbb83650 Thread added: 0x0000018f94f9a980
Event: 13.160 Thread 0x0000018fdbb83650 Thread added: 0x0000018f94f9a2f0
Event: 13.161 Thread 0x0000018fdbb83650 Thread added: 0x0000018f94f9b010
Event: 13.162 Thread 0x0000018fdbb83650 Thread added: 0x0000018f94f9b6a0
Event: 13.162 Thread 0x0000018fdbb83650 Thread added: 0x0000018f94f9d770
Event: 13.163 Thread 0x0000018fdbb83650 Thread added: 0x0000018f94f9bd30
Event: 13.164 Thread 0x0000018fdbb83650 Thread added: 0x0000018f94f9c3c0
Event: 16.137 Thread 0x0000018fdcf2d940 Thread exited: 0x0000018fdcf2d940
Event: 16.400 Thread 0x0000018f94bba4b0 Thread added: 0x0000018fdcf2d940
Event: 16.984 Thread 0x0000018fdbb83650 Thread added: 0x0000018fdc2409b0
Event: 17.263 Thread 0x0000018fdcf2d940 Thread exited: 0x0000018fdcf2d940
Event: 17.420 Thread 0x0000018f94bba4b0 Thread added: 0x0000018fdcf2d940
Event: 17.828 Thread 0x0000018fdbb83650 Thread added: 0x0000018fdc2423f0
Event: 17.925 Thread 0x0000018fdcf2d940 Thread exited: 0x0000018fdcf2d940
Event: 18.192 Thread 0x0000018f94bba4b0 Thread added: 0x0000018fdcf2d940
Event: 20.405 Thread 0x0000018fdbb84a00 Thread added: 0x0000018fdeea5a90


Dynamic libraries:
0x00007ff68ebb0000 - 0x00007ff68ebbe000 	C:\Users\Shehroz Khan\.antigravity\extensions\redhat.java-1.53.0-win32-x64\jre\21.0.10-win32-x86_64\bin\java.exe
0x00007ffa98780000 - 0x00007ffa989e7000 	C:\WINDOWS\SYSTEM32\ntdll.dll
0x00007ffa97e80000 - 0x00007ffa97f49000 	C:\WINDOWS\System32\KERNEL32.DLL
0x00007ffa95140000 - 0x00007ffa95531000 	C:\WINDOWS\System32\KERNELBASE.dll
0x00007ffa957f0000 - 0x00007ffa9593b000 	C:\WINDOWS\System32\ucrtbase.dll
0x00007ffa5bb30000 - 0x00007ffa5bb48000 	C:\Users\Shehroz Khan\.antigravity\extensions\redhat.java-1.53.0-win32-x64\jre\21.0.10-win32-x86_64\bin\jli.dll
0x00007ffa5dcc0000 - 0x00007ffa5dcde000 	C:\Users\Shehroz Khan\.antigravity\extensions\redhat.java-1.53.0-win32-x64\jre\21.0.10-win32-x86_64\bin\VCRUNTIME140.dll
0x00007ffa96c80000 - 0x00007ffa96e45000 	C:\WINDOWS\System32\USER32.dll
0x00007ffa7eec0000 - 0x00007ffa7f153000 	C:\WINDOWS\WinSxS\amd64_microsoft.windows.common-controls_6595b64144ccf1df_6.0.26100.8037_none_3e092faae333b53b\COMCTL32.dll
0x00007ffa95110000 - 0x00007ffa95137000 	C:\WINDOWS\System32\win32u.dll
0x00007ffa966f0000 - 0x00007ffa96799000 	C:\WINDOWS\System32\msvcrt.dll
0x00007ffa96520000 - 0x00007ffa9654b000 	C:\WINDOWS\System32\GDI32.dll
0x00007ffa96330000 - 0x00007ffa9645b000 	C:\WINDOWS\System32\gdi32full.dll
0x00007ffa95740000 - 0x00007ffa957e3000 	C:\WINDOWS\System32\msvcp_win.dll
0x00007ffa98670000 - 0x00007ffa986a1000 	C:\WINDOWS\System32\IMM32.DLL
0x00007ffa6e5b0000 - 0x00007ffa6e5bc000 	C:\Users\Shehroz Khan\.antigravity\extensions\redhat.java-1.53.0-win32-x64\jre\21.0.10-win32-x86_64\bin\vcruntime140_1.dll
0x00007ffa2cff0000 - 0x00007ffa2d07d000 	C:\Users\Shehroz Khan\.antigravity\extensions\redhat.java-1.53.0-win32-x64\jre\21.0.10-win32-x86_64\bin\msvcp140.dll
0x00007ffa207f0000 - 0x00007ffa21591000 	C:\Users\Shehroz Khan\.antigravity\extensions\redhat.java-1.53.0-win32-x64\jre\21.0.10-win32-x86_64\bin\server\jvm.dll
0x00007ffa97b10000 - 0x00007ffa97bcb000 	C:\WINDOWS\System32\ADVAPI32.dll
0x00007ffa97bd0000 - 0x00007ffa97c77000 	C:\WINDOWS\System32\sechost.dll
0x00007ffa96550000 - 0x00007ffa96668000 	C:\WINDOWS\System32\RPCRT4.dll
0x00007ffa96910000 - 0x00007ffa96984000 	C:\WINDOWS\System32\WS2_32.dll
0x00007ffa94ec0000 - 0x00007ffa94f1e000 	C:\WINDOWS\SYSTEM32\POWRPROF.dll
0x00007ffa83650000 - 0x00007ffa83685000 	C:\WINDOWS\SYSTEM32\WINMM.dll
0x00007ffa86990000 - 0x00007ffa8699b000 	C:\WINDOWS\SYSTEM32\VERSION.dll
0x00007ffa94ea0000 - 0x00007ffa94eb4000 	C:\WINDOWS\SYSTEM32\UMPDC.dll
0x00007ffa93df0000 - 0x00007ffa93e0b000 	C:\WINDOWS\SYSTEM32\kernel.appcore.dll
0x00007ffa6a3d0000 - 0x00007ffa6a3da000 	C:\Users\Shehroz Khan\.antigravity\extensions\redhat.java-1.53.0-win32-x64\jre\21.0.10-win32-x86_64\bin\jimage.dll
0x00007ffa90100000 - 0x00007ffa90342000 	C:\WINDOWS\SYSTEM32\DBGHELP.DLL
0x00007ffa96e50000 - 0x00007ffa971d2000 	C:\WINDOWS\System32\combase.dll
0x00007ffa96ba0000 - 0x00007ffa96c77000 	C:\WINDOWS\System32\OLEAUT32.dll
0x00007ffa71430000 - 0x00007ffa7146b000 	C:\WINDOWS\SYSTEM32\dbgcore.DLL
0x00007ffa95060000 - 0x00007ffa95105000 	C:\WINDOWS\System32\bcryptPrimitives.dll
0x00007ffa63880000 - 0x00007ffa6388f000 	C:\Users\Shehroz Khan\.antigravity\extensions\redhat.java-1.53.0-win32-x64\jre\21.0.10-win32-x86_64\bin\instrument.dll
0x00007ffa5b190000 - 0x00007ffa5b1b0000 	C:\Users\Shehroz Khan\.antigravity\extensions\redhat.java-1.53.0-win32-x64\jre\21.0.10-win32-x86_64\bin\java.dll
0x00007ffa973a0000 - 0x00007ffa97aff000 	C:\WINDOWS\System32\SHELL32.dll
0x00007ffa955d0000 - 0x00007ffa9573a000 	C:\WINDOWS\System32\wintypes.dll
0x00007ffa95ac0000 - 0x00007ffa96324000 	C:\WINDOWS\System32\windows.storage.dll
0x00007ffa967a0000 - 0x00007ffa96897000 	C:\WINDOWS\System32\SHCORE.dll
0x00007ffa97e10000 - 0x00007ffa97e77000 	C:\WINDOWS\System32\shlwapi.dll
0x00007ffa94f80000 - 0x00007ffa94fa9000 	C:\WINDOWS\SYSTEM32\profapi.dll
0x00007ffa5b170000 - 0x00007ffa5b188000 	C:\Users\Shehroz Khan\.antigravity\extensions\redhat.java-1.53.0-win32-x64\jre\21.0.10-win32-x86_64\bin\zip.dll
0x00007ffa63ca0000 - 0x00007ffa63cb0000 	C:\Users\Shehroz Khan\.antigravity\extensions\redhat.java-1.53.0-win32-x64\jre\21.0.10-win32-x86_64\bin\net.dll
0x00007ffa85a60000 - 0x00007ffa85b87000 	C:\WINDOWS\SYSTEM32\WINHTTP.dll
0x00007ffa94360000 - 0x00007ffa943cb000 	C:\WINDOWS\system32\mswsock.dll
0x00007ffa5a7c0000 - 0x00007ffa5a7d6000 	C:\Users\Shehroz Khan\.antigravity\extensions\redhat.java-1.53.0-win32-x64\jre\21.0.10-win32-x86_64\bin\nio.dll
0x00007ffa61d80000 - 0x00007ffa61d90000 	C:\Users\Shehroz Khan\.antigravity\extensions\redhat.java-1.53.0-win32-x64\jre\21.0.10-win32-x86_64\bin\verify.dll
0x00007ffa80480000 - 0x00007ffa804a7000 	C:\Users\Shehroz Khan\.gradle\native\660c5614fbf4a5f2a75b1949f50a0caf5cd603558e7d8a26e50b933a0cfb79d1\windows-amd64\native-platform.dll
0x00007ffa70d30000 - 0x00007ffa70da7000 	C:\Users\Shehroz Khan\.gradle\native\0.2.8\x86_64-windows-gnu\gradle-fileevents.dll
0x00007ffa5edc0000 - 0x00007ffa5edca000 	C:\Users\Shehroz Khan\.antigravity\extensions\redhat.java-1.53.0-win32-x64\jre\21.0.10-win32-x86_64\bin\management.dll
0x00007ffa5ed90000 - 0x00007ffa5ed9c000 	C:\Users\Shehroz Khan\.antigravity\extensions\redhat.java-1.53.0-win32-x64\jre\21.0.10-win32-x86_64\bin\management_ext.dll
0x00007ffa98650000 - 0x00007ffa98658000 	C:\WINDOWS\System32\PSAPI.DLL
0x00007ffa93720000 - 0x00007ffa93753000 	C:\WINDOWS\SYSTEM32\IPHLPAPI.DLL
0x00007ffa97e00000 - 0x00007ffa97e0a000 	C:\WINDOWS\System32\NSI.dll
0x00007ffa5dcb0000 - 0x00007ffa5dcb9000 	C:\Users\Shehroz Khan\.antigravity\extensions\redhat.java-1.53.0-win32-x64\jre\21.0.10-win32-x86_64\bin\extnet.dll
0x00007ffa94640000 - 0x00007ffa9465b000 	C:\WINDOWS\SYSTEM32\CRYPTSP.dll
0x00007ffa93d50000 - 0x00007ffa93d89000 	C:\WINDOWS\system32\rsaenh.dll
0x00007ffa94410000 - 0x00007ffa94442000 	C:\WINDOWS\SYSTEM32\USERENV.dll
0x00007ffa94f50000 - 0x00007ffa94f7a000 	C:\WINDOWS\SYSTEM32\bcrypt.dll
0x00007ffa94660000 - 0x00007ffa9466c000 	C:\WINDOWS\SYSTEM32\CRYPTBASE.dll
0x00007ffa5ed40000 - 0x00007ffa5ed4e000 	C:\Users\Shehroz Khan\.antigravity\extensions\redhat.java-1.53.0-win32-x64\jre\21.0.10-win32-x86_64\bin\sunmscapi.dll
0x00007ffa95940000 - 0x00007ffa95ab7000 	C:\WINDOWS\System32\CRYPT32.dll
0x00007ffa94860000 - 0x00007ffa94890000 	C:\WINDOWS\SYSTEM32\ncrypt.dll
0x00007ffa94810000 - 0x00007ffa9484f000 	C:\WINDOWS\SYSTEM32\NTASN1.dll
0x00007ffa7a940000 - 0x00007ffa7a948000 	C:\WINDOWS\system32\wshunix.dll

JVMTI agents:
C:\Users\Shehroz Khan\.gradle\wrapper\dists\gradle-9.2.1-bin\2t0n5ozlw9xmuyvbp7dnzaxug\gradle-9.2.1\lib\agents\gradle-instrumentation-agent-9.2.1.jar path:C:\Users\Shehroz Khan\.antigravity\extensions\redhat.java-1.53.0-win32-x64\jre\21.0.10-win32-x86_64\bin\instrument.dll, loaded, initialized, instrumentlib options:none

dbghelp: loaded successfully - version: 4.0.5 - missing functions: none
symbol engine: initialized successfully - sym options: 0x614 - pdb path: .;C:\Users\Shehroz Khan\.antigravity\extensions\redhat.java-1.53.0-win32-x64\jre\21.0.10-win32-x86_64\bin;C:\WINDOWS\SYSTEM32;C:\WINDOWS\WinSxS\amd64_microsoft.windows.common-controls_6595b64144ccf1df_6.0.26100.8037_none_3e092faae333b53b;C:\Users\Shehroz Khan\.antigravity\extensions\redhat.java-1.53.0-win32-x64\jre\21.0.10-win32-x86_64\bin\server;C:\Users\Shehroz Khan\.gradle\native\660c5614fbf4a5f2a75b1949f50a0caf5cd603558e7d8a26e50b933a0cfb79d1\windows-amd64;C:\Users\Shehroz Khan\.gradle\native\0.2.8\x86_64-windows-gnu

VM Arguments:
jvm_args: --add-opens=java.base/java.lang=ALL-UNNAMED --add-opens=java.base/java.lang.invoke=ALL-UNNAMED --add-opens=java.base/java.util=ALL-UNNAMED --add-opens=java.prefs/java.util.prefs=ALL-UNNAMED --add-exports=jdk.compiler/com.sun.tools.javac.api=ALL-UNNAMED --add-exports=jdk.compiler/com.sun.tools.javac.util=ALL-UNNAMED --add-opens=java.base/java.util=ALL-UNNAMED --add-opens=java.prefs/java.util.prefs=ALL-UNNAMED --add-opens=java.base/java.nio.charset=ALL-UNNAMED --add-opens=java.base/java.net=ALL-UNNAMED --add-opens=java.base/java.util.concurrent=ALL-UNNAMED --add-opens=java.base/java.util.concurrent.atomic=ALL-UNNAMED --add-opens=java.xml/javax.xml.namespace=ALL-UNNAMED --add-opens=java.base/java.time=ALL-UNNAMED -Xmx2048m -Dfile.encoding=UTF-8 -Duser.country=US -Duser.language=en -Duser.variant -javaagent:C:\Users\Shehroz Khan\.gradle\wrapper\dists\gradle-9.2.1-bin\2t0n5ozlw9xmuyvbp7dnzaxug\gradle-9.2.1\lib\agents\gradle-instrumentation-agent-9.2.1.jar 
java_command: org.gradle.launcher.daemon.bootstrap.GradleDaemon 9.2.1
java_class_path (initial): C:\Users\Shehroz Khan\.gradle\wrapper\dists\gradle-9.2.1-bin\2t0n5ozlw9xmuyvbp7dnzaxug\gradle-9.2.1\lib\gradle-daemon-main-9.2.1.jar
Launcher Type: SUN_STANDARD

[Global flags]
     intx CICompilerCount                          = 4                                         {product} {ergonomic}
     uint ConcGCThreads                            = 2                                         {product} {ergonomic}
     uint G1ConcRefinementThreads                  = 8                                         {product} {ergonomic}
   size_t G1HeapRegionSize                         = 1048576                                   {product} {ergonomic}
    uintx GCDrainStackTargetSize                   = 64                                        {product} {ergonomic}
   size_t InitialHeapSize                          = 132120576                                 {product} {ergonomic}
   size_t MarkStackSize                            = 4194304                                   {product} {ergonomic}
   size_t MaxHeapSize                              = 2147483648                                {product} {command line}
   size_t MaxNewSize                               = 1287651328                                {product} {ergonomic}
   size_t MinHeapDeltaBytes                        = 1048576                                   {product} {ergonomic}
   size_t MinHeapSize                              = 8388608                                   {product} {ergonomic}
    uintx NonNMethodCodeHeapSize                   = 5839372                                {pd product} {ergonomic}
    uintx NonProfiledCodeHeapSize                  = 122909434                              {pd product} {ergonomic}
    uintx ProfiledCodeHeapSize                     = 122909434                              {pd product} {ergonomic}
    uintx ReservedCodeCacheSize                    = 251658240                              {pd product} {ergonomic}
     bool SegmentedCodeCache                       = true                                      {product} {ergonomic}
   size_t SoftMaxHeapSize                          = 2147483648                             {manageable} {ergonomic}
     bool UseCompressedOops                        = true                           {product lp64_product} {ergonomic}
     bool UseG1GC                                  = true                                      {product} {ergonomic}
     bool UseLargePagesIndividualAllocation        = false                                  {pd product} {ergonomic}

Logging:
Log output configuration:
 #0: stdout all=warning uptime,level,tags foldmultilines=false
 #1: stderr all=off uptime,level,tags foldmultilines=false

Release file:
JAVA_VERSION="21.0.10" 
MODULES="java.base java.compiler java.datatransfer java.xml java.prefs java.desktop java.instrument java.logging java.management java.security.sasl java.naming java.rmi java.management.rmi java.net.http java.scripting java.security.jgss java.transaction.xa java.sql java.sql.rowset java.xml.crypto java.se java.smartcardio jdk.accessibility jdk.internal.jvmstat jdk.attach jdk.charsets jdk.internal.opt jdk.zipfs jdk.compiler jdk.crypto.ec jdk.crypto.cryptoki jdk.crypto.mscapi jdk.dynalink jdk.internal.ed jdk.editpad jdk.hotspot.agent jdk.httpserver jdk.internal.le jdk.internal.vm.ci jdk.internal.vm.compiler jdk.internal.vm.compiler.management jdk.jartool jdk.javadoc jdk.jcmd jdk.management jdk.management.agent jdk.jconsole jdk.jdeps jdk.jdwp.agent jdk.jdi jdk.jfr jdk.jshell jdk.jsobject jdk.jstatd jdk.localedata jdk.management.jfr jdk.naming.dns jdk.naming.rmi jdk.net jdk.nio.mapmode jdk.random jdk.sctp jdk.security.auth jdk.security.jgss jdk.unsupported jdk.unsupported.desktop jdk.xml.dom" 

Environment Variables:
JAVA_HOME=C:\Program Files\Eclipse Adoptium\jdk-17.0.18.8-hotspot
PATH=C:\Program Files\Eclipse Adoptium\jdk-17.0.18.8-hotspot\bin;C:\WINDOWS\system32;C:\WINDOWS;C:\WINDOWS\System32\Wbem;C:\WINDOWS\System32\WindowsPowerShell\v1.0\;C:\WINDOWS\System32\OpenSSH\;C:\Program Files\Git\cmd;C:\Users\Shehroz Khan\AppData\Local\Microsoft\WindowsApps;C:\Users\Shehroz Khan\AppData\Local\Python\bin;C:\Users\Shehroz Khan\AppData\Local\Programs\Antigravity\bin;C:\Users\Shehroz Khan\AppData\Local\Programs\Microsoft VS Code\bin;C:\Program Files\Eclipse Adoptium\jdk-17.0.18.8-hotspot\bin
USERNAME=Shehroz Khan
OS=Windows_NT
PROCESSOR_IDENTIFIER=Intel64 Family 6 Model 142 Stepping 10, GenuineIntel
TMP=C:\Users\SHEHRO~1\AppData\Local\Temp
TEMP=C:\Users\SHEHRO~1\AppData\Local\Temp




Periodic native trim disabled

---------------  S Y S T E M  ---------------

OS:
 Windows 11 , 64 bit Build 26100 (10.0.26100.7920)
OS uptime: 0 days 12:21 hours

CPU: total 8 (initial active 8) (4 cores per cpu, 2 threads per core) family 6 model 142 stepping 10 microcode 0xf6, cx8, cmov, fxsr, ht, mmx, 3dnowpref, sse, sse2, sse3, ssse3, sse4.1, sse4.2, popcnt, lzcnt, tsc, tscinvbit, avx, avx2, aes, erms, clmul, bmi1, bmi2, rtm, adx, fma, vzeroupper, clflush, clflushopt, rdtscp, f16c
Processor Information for the first 8 processors :
  Max Mhz: 1896, Current Mhz: 1696, Mhz Limit: 1687

Memory: 4k page, system-wide physical 8050M (496M free)
TotalPageFile size 23256M (AvailPageFile size 8M)
current process WorkingSet (physical memory assigned to process): 360M, peak: 365M
current process commit charge ("private bytes"): 409M, peak: 411M

vm_info: OpenJDK 64-Bit Server VM (21.0.10+7-LTS) for windows-amd64 JRE (21.0.10+7-LTS), built on 2026-01-20T00:00:00Z by "admin" with MS VC++ 17.12 (VS2022)

END.
